{"/Users/mujtabahassan/Desktop/Social-Media-project/src/app.ts":{"path":"/Users/mujtabahassan/Desktop/Social-Media-project/src/app.ts","statementMap":{"0":{"start":{"line":2,"column":22},"end":{"line":12,"column":3}},"1":{"start":{"line":3,"column":4},"end":{"line":3,"column":33}},"2":{"start":{"line":3,"column":26},"end":{"line":3,"column":33}},"3":{"start":{"line":4,"column":15},"end":{"line":4,"column":52}},"4":{"start":{"line":5,"column":4},"end":{"line":7,"column":5}},"5":{"start":{"line":6,"column":6},"end":{"line":6,"column":68}},"6":{"start":{"line":6,"column":51},"end":{"line":6,"column":63}},"7":{"start":{"line":8,"column":4},"end":{"line":8,"column":39}},"8":{"start":{"line":10,"column":4},"end":{"line":10,"column":33}},"9":{"start":{"line":10,"column":26},"end":{"line":10,"column":33}},"10":{"start":{"line":11,"column":4},"end":{"line":11,"column":17}},"11":{"start":{"line":13,"column":25},"end":{"line":17,"column":2}},"12":{"start":{"line":14,"column":4},"end":{"line":14,"column":72}},"13":{"start":{"line":16,"column":4},"end":{"line":16,"column":21}},"14":{"start":{"line":18,"column":19},"end":{"line":24,"column":1}},"15":{"start":{"line":19,"column":4},"end":{"line":19,"column":42}},"16":{"start":{"line":19,"column":31},"end":{"line":19,"column":42}},"17":{"start":{"line":20,"column":17},"end":{"line":20,"column":19}},"18":{"start":{"line":21,"column":4},"end":{"line":21,"column":141}},"19":{"start":{"line":21,"column":21},"end":{"line":21,"column":141}},"20":{"start":{"line":21,"column":40},"end":{"line":21,"column":141}},"21":{"start":{"line":21,"column":109},"end":{"line":21,"column":141}},"22":{"start":{"line":22,"column":4},"end":{"line":22,"column":36}},"23":{"start":{"line":23,"column":4},"end":{"line":23,"column":18}},"24":{"start":{"line":25,"column":16},"end":{"line":33,"column":1}},"25":{"start":{"line":26,"column":28},"end":{"line":26,"column":110}},"26":{"start":{"line":26,"column":91},"end":{"line":26,"column":106}},"27":{"start":{"line":27,"column":4},"end":{"line":32,"column":7}},"28":{"start":{"line":28,"column":36},"end":{"line":28,"column":97}},"29":{"start":{"line":28,"column":42},"end":{"line":28,"column":70}},"30":{"start":{"line":28,"column":85},"end":{"line":28,"column":95}},"31":{"start":{"line":29,"column":35},"end":{"line":29,"column":100}},"32":{"start":{"line":29,"column":41},"end":{"line":29,"column":73}},"33":{"start":{"line":29,"column":88},"end":{"line":29,"column":98}},"34":{"start":{"line":30,"column":32},"end":{"line":30,"column":116}},"35":{"start":{"line":31,"column":8},"end":{"line":31,"column":78}},"36":{"start":{"line":34,"column":22},"end":{"line":36,"column":1}},"37":{"start":{"line":35,"column":4},"end":{"line":35,"column":62}},"38":{"start":{"line":37,"column":0},"end":{"line":37,"column":62}},"39":{"start":{"line":38,"column":0},"end":{"line":38,"column":21}},"40":{"start":{"line":39,"column":18},"end":{"line":39,"column":53}},"41":{"start":{"line":40,"column":19},"end":{"line":40,"column":55}},"42":{"start":{"line":41,"column":19},"end":{"line":41,"column":57}},"43":{"start":{"line":42,"column":19},"end":{"line":42,"column":57}},"44":{"start":{"line":43,"column":13},"end":{"line":43,"column":42}},"45":{"start":{"line":44,"column":15},"end":{"line":44,"column":46}},"46":{"start":{"line":45,"column":15},"end":{"line":45,"column":43}},"47":{"start":{"line":46,"column":22},"end":{"line":46,"column":61}},"48":{"start":{"line":47,"column":20},"end":{"line":47,"column":40}},"49":{"start":{"line":48,"column":15},"end":{"line":48,"column":30}},"50":{"start":{"line":49,"column":27},"end":{"line":49,"column":84}},"51":{"start":{"line":50,"column":0},"end":{"line":50,"column":16}},"52":{"start":{"line":51,"column":12},"end":{"line":51,"column":36}},"53":{"start":{"line":52,"column":0},"end":{"line":52,"column":18}},"54":{"start":{"line":53,"column":20},"end":{"line":53,"column":43}},"55":{"start":{"line":54,"column":19},"end":{"line":54,"column":48}},"56":{"start":{"line":55,"column":11},"end":{"line":55,"column":45}},"57":{"start":{"line":57,"column":4},"end":{"line":86,"column":7}},"58":{"start":{"line":58,"column":8},"end":{"line":85,"column":9}},"59":{"start":{"line":59,"column":12},"end":{"line":59,"column":58}},"60":{"start":{"line":60,"column":31},"end":{"line":60,"column":60}},"61":{"start":{"line":61,"column":26},"end":{"line":61,"column":56}},"62":{"start":{"line":62,"column":12},"end":{"line":81,"column":15}},"63":{"start":{"line":63,"column":16},"end":{"line":63,"column":68}},"64":{"start":{"line":68,"column":37},"end":{"line":68,"column":50}},"65":{"start":{"line":69,"column":16},"end":{"line":80,"column":19}},"66":{"start":{"line":70,"column":20},"end":{"line":79,"column":21}},"67":{"start":{"line":72,"column":28},"end":{"line":72,"column":64}},"68":{"start":{"line":73,"column":28},"end":{"line":73,"column":34}},"69":{"start":{"line":75,"column":28},"end":{"line":75,"column":62}},"70":{"start":{"line":76,"column":28},"end":{"line":76,"column":34}},"71":{"start":{"line":78,"column":28},"end":{"line":78,"column":34}},"72":{"start":{"line":88,"column":0},"end":{"line":88,"column":25}},"73":{"start":{"line":89,"column":0},"end":{"line":89,"column":30}},"74":{"start":{"line":90,"column":0},"end":{"line":90,"column":38}},"75":{"start":{"line":91,"column":0},"end":{"line":91,"column":62}},"76":{"start":{"line":92,"column":0},"end":{"line":94,"column":3}},"77":{"start":{"line":93,"column":4},"end":{"line":93,"column":27}},"78":{"start":{"line":95,"column":0},"end":{"line":95,"column":40}},"79":{"start":{"line":96,"column":0},"end":{"line":96,"column":53}},"80":{"start":{"line":97,"column":0},"end":{"line":97,"column":36}},"81":{"start":{"line":98,"column":28},"end":{"line":98,"column":58}},"82":{"start":{"line":99,"column":0},"end":{"line":99,"column":55}},"83":{"start":{"line":100,"column":0},"end":{"line":100,"column":44}}},"fnMap":{"0":{"name":"(anonymous_0)","decl":{"start":{"line":2,"column":74},"end":{"line":2,"column":75}},"loc":{"start":{"line":2,"column":96},"end":{"line":9,"column":1}},"line":2},"1":{"name":"(anonymous_1)","decl":{"start":{"line":6,"column":38},"end":{"line":6,"column":39}},"loc":{"start":{"line":6,"column":49},"end":{"line":6,"column":65}},"line":6},"2":{"name":"(anonymous_2)","decl":{"start":{"line":9,"column":6},"end":{"line":9,"column":7}},"loc":{"start":{"line":9,"column":28},"end":{"line":12,"column":1}},"line":9},"3":{"name":"(anonymous_3)","decl":{"start":{"line":13,"column":80},"end":{"line":13,"column":81}},"loc":{"start":{"line":13,"column":95},"end":{"line":15,"column":1}},"line":13},"4":{"name":"(anonymous_4)","decl":{"start":{"line":15,"column":5},"end":{"line":15,"column":6}},"loc":{"start":{"line":15,"column":20},"end":{"line":17,"column":1}},"line":15},"5":{"name":"(anonymous_5)","decl":{"start":{"line":18,"column":50},"end":{"line":18,"column":51}},"loc":{"start":{"line":18,"column":65},"end":{"line":24,"column":1}},"line":18},"6":{"name":"(anonymous_6)","decl":{"start":{"line":25,"column":44},"end":{"line":25,"column":45}},"loc":{"start":{"line":25,"column":89},"end":{"line":33,"column":1}},"line":25},"7":{"name":"adopt","decl":{"start":{"line":26,"column":13},"end":{"line":26,"column":18}},"loc":{"start":{"line":26,"column":26},"end":{"line":26,"column":112}},"line":26},"8":{"name":"(anonymous_8)","decl":{"start":{"line":26,"column":70},"end":{"line":26,"column":71}},"loc":{"start":{"line":26,"column":89},"end":{"line":26,"column":108}},"line":26},"9":{"name":"(anonymous_9)","decl":{"start":{"line":27,"column":36},"end":{"line":27,"column":37}},"loc":{"start":{"line":27,"column":63},"end":{"line":32,"column":5}},"line":27},"10":{"name":"fulfilled","decl":{"start":{"line":28,"column":17},"end":{"line":28,"column":26}},"loc":{"start":{"line":28,"column":34},"end":{"line":28,"column":99}},"line":28},"11":{"name":"rejected","decl":{"start":{"line":29,"column":17},"end":{"line":29,"column":25}},"loc":{"start":{"line":29,"column":33},"end":{"line":29,"column":102}},"line":29},"12":{"name":"step","decl":{"start":{"line":30,"column":17},"end":{"line":30,"column":21}},"loc":{"start":{"line":30,"column":30},"end":{"line":30,"column":118}},"line":30},"13":{"name":"(anonymous_13)","decl":{"start":{"line":34,"column":56},"end":{"line":34,"column":57}},"loc":{"start":{"line":34,"column":71},"end":{"line":36,"column":1}},"line":34},"14":{"name":"run","decl":{"start":{"line":56,"column":9},"end":{"line":56,"column":12}},"loc":{"start":{"line":56,"column":15},"end":{"line":87,"column":1}},"line":56},"15":{"name":"(anonymous_15)","decl":{"start":{"line":57,"column":43},"end":{"line":57,"column":44}},"loc":{"start":{"line":57,"column":56},"end":{"line":86,"column":5}},"line":57},"16":{"name":"(anonymous_16)","decl":{"start":{"line":62,"column":32},"end":{"line":62,"column":33}},"loc":{"start":{"line":62,"column":44},"end":{"line":81,"column":13}},"line":62},"17":{"name":"(anonymous_17)","decl":{"start":{"line":69,"column":42},"end":{"line":69,"column":43}},"loc":{"start":{"line":69,"column":52},"end":{"line":80,"column":17}},"line":69},"18":{"name":"(anonymous_18)","decl":{"start":{"line":92,"column":17},"end":{"line":92,"column":18}},"loc":{"start":{"line":92,"column":31},"end":{"line":94,"column":1}},"line":92}},"branchMap":{"0":{"loc":{"start":{"line":2,"column":22},"end":{"line":12,"column":3}},"type":"binary-expr","locations":[{"start":{"line":2,"column":23},"end":{"line":2,"column":27}},{"start":{"line":2,"column":31},"end":{"line":2,"column":51}},{"start":{"line":2,"column":57},"end":{"line":12,"column":2}}],"line":2},"1":{"loc":{"start":{"line":2,"column":57},"end":{"line":12,"column":2}},"type":"cond-expr","locations":[{"start":{"line":2,"column":74},"end":{"line":9,"column":1}},{"start":{"line":9,"column":6},"end":{"line":12,"column":1}}],"line":2},"2":{"loc":{"start":{"line":3,"column":4},"end":{"line":3,"column":33}},"type":"if","locations":[{"start":{"line":3,"column":4},"end":{"line":3,"column":33}},{"start":{"line":3,"column":4},"end":{"line":3,"column":33}}],"line":3},"3":{"loc":{"start":{"line":5,"column":4},"end":{"line":7,"column":5}},"type":"if","locations":[{"start":{"line":5,"column":4},"end":{"line":7,"column":5}},{"start":{"line":5,"column":4},"end":{"line":7,"column":5}}],"line":5},"4":{"loc":{"start":{"line":5,"column":8},"end":{"line":5,"column":85}},"type":"binary-expr","locations":[{"start":{"line":5,"column":8},"end":{"line":5,"column":13}},{"start":{"line":5,"column":18},"end":{"line":5,"column":84}}],"line":5},"5":{"loc":{"start":{"line":5,"column":18},"end":{"line":5,"column":84}},"type":"cond-expr","locations":[{"start":{"line":5,"column":34},"end":{"line":5,"column":47}},{"start":{"line":5,"column":50},"end":{"line":5,"column":84}}],"line":5},"6":{"loc":{"start":{"line":5,"column":50},"end":{"line":5,"column":84}},"type":"binary-expr","locations":[{"start":{"line":5,"column":50},"end":{"line":5,"column":63}},{"start":{"line":5,"column":67},"end":{"line":5,"column":84}}],"line":5},"7":{"loc":{"start":{"line":10,"column":4},"end":{"line":10,"column":33}},"type":"if","locations":[{"start":{"line":10,"column":4},"end":{"line":10,"column":33}},{"start":{"line":10,"column":4},"end":{"line":10,"column":33}}],"line":10},"8":{"loc":{"start":{"line":13,"column":25},"end":{"line":17,"column":2}},"type":"binary-expr","locations":[{"start":{"line":13,"column":26},"end":{"line":13,"column":30}},{"start":{"line":13,"column":34},"end":{"line":13,"column":57}},{"start":{"line":13,"column":63},"end":{"line":17,"column":1}}],"line":13},"9":{"loc":{"start":{"line":13,"column":63},"end":{"line":17,"column":1}},"type":"cond-expr","locations":[{"start":{"line":13,"column":80},"end":{"line":15,"column":1}},{"start":{"line":15,"column":5},"end":{"line":17,"column":1}}],"line":13},"10":{"loc":{"start":{"line":18,"column":19},"end":{"line":24,"column":1}},"type":"binary-expr","locations":[{"start":{"line":18,"column":20},"end":{"line":18,"column":24}},{"start":{"line":18,"column":28},"end":{"line":18,"column":45}},{"start":{"line":18,"column":50},"end":{"line":24,"column":1}}],"line":18},"11":{"loc":{"start":{"line":19,"column":4},"end":{"line":19,"column":42}},"type":"if","locations":[{"start":{"line":19,"column":4},"end":{"line":19,"column":42}},{"start":{"line":19,"column":4},"end":{"line":19,"column":42}}],"line":19},"12":{"loc":{"start":{"line":19,"column":8},"end":{"line":19,"column":29}},"type":"binary-expr","locations":[{"start":{"line":19,"column":8},"end":{"line":19,"column":11}},{"start":{"line":19,"column":15},"end":{"line":19,"column":29}}],"line":19},"13":{"loc":{"start":{"line":21,"column":4},"end":{"line":21,"column":141}},"type":"if","locations":[{"start":{"line":21,"column":4},"end":{"line":21,"column":141}},{"start":{"line":21,"column":4},"end":{"line":21,"column":141}}],"line":21},"14":{"loc":{"start":{"line":21,"column":40},"end":{"line":21,"column":141}},"type":"if","locations":[{"start":{"line":21,"column":40},"end":{"line":21,"column":141}},{"start":{"line":21,"column":40},"end":{"line":21,"column":141}}],"line":21},"15":{"loc":{"start":{"line":21,"column":44},"end":{"line":21,"column":107}},"type":"binary-expr","locations":[{"start":{"line":21,"column":44},"end":{"line":21,"column":59}},{"start":{"line":21,"column":63},"end":{"line":21,"column":107}}],"line":21},"16":{"loc":{"start":{"line":25,"column":16},"end":{"line":33,"column":1}},"type":"binary-expr","locations":[{"start":{"line":25,"column":17},"end":{"line":25,"column":21}},{"start":{"line":25,"column":25},"end":{"line":25,"column":39}},{"start":{"line":25,"column":44},"end":{"line":33,"column":1}}],"line":25},"17":{"loc":{"start":{"line":26,"column":35},"end":{"line":26,"column":109}},"type":"cond-expr","locations":[{"start":{"line":26,"column":56},"end":{"line":26,"column":61}},{"start":{"line":26,"column":64},"end":{"line":26,"column":109}}],"line":26},"18":{"loc":{"start":{"line":27,"column":16},"end":{"line":27,"column":34}},"type":"binary-expr","locations":[{"start":{"line":27,"column":16},"end":{"line":27,"column":17}},{"start":{"line":27,"column":22},"end":{"line":27,"column":33}}],"line":27},"19":{"loc":{"start":{"line":30,"column":32},"end":{"line":30,"column":115}},"type":"cond-expr","locations":[{"start":{"line":30,"column":46},"end":{"line":30,"column":67}},{"start":{"line":30,"column":70},"end":{"line":30,"column":115}}],"line":30},"20":{"loc":{"start":{"line":31,"column":51},"end":{"line":31,"column":67}},"type":"binary-expr","locations":[{"start":{"line":31,"column":51},"end":{"line":31,"column":61}},{"start":{"line":31,"column":65},"end":{"line":31,"column":67}}],"line":31},"21":{"loc":{"start":{"line":34,"column":22},"end":{"line":36,"column":1}},"type":"binary-expr","locations":[{"start":{"line":34,"column":23},"end":{"line":34,"column":27}},{"start":{"line":34,"column":31},"end":{"line":34,"column":51}},{"start":{"line":34,"column":56},"end":{"line":36,"column":1}}],"line":34},"22":{"loc":{"start":{"line":35,"column":11},"end":{"line":35,"column":61}},"type":"cond-expr","locations":[{"start":{"line":35,"column":37},"end":{"line":35,"column":40}},{"start":{"line":35,"column":43},"end":{"line":35,"column":61}}],"line":35},"23":{"loc":{"start":{"line":35,"column":12},"end":{"line":35,"column":33}},"type":"binary-expr","locations":[{"start":{"line":35,"column":12},"end":{"line":35,"column":15}},{"start":{"line":35,"column":19},"end":{"line":35,"column":33}}],"line":35},"24":{"loc":{"start":{"line":70,"column":20},"end":{"line":79,"column":21}},"type":"switch","locations":[{"start":{"line":71,"column":24},"end":{"line":73,"column":34}},{"start":{"line":74,"column":24},"end":{"line":76,"column":34}},{"start":{"line":77,"column":24},"end":{"line":78,"column":34}}],"line":70},"25":{"loc":{"start":{"line":100,"column":18},"end":{"line":100,"column":42}},"type":"binary-expr","locations":[{"start":{"line":100,"column":18},"end":{"line":100,"column":22}},{"start":{"line":100,"column":26},"end":{"line":100,"column":42}}],"line":100}},"s":{"0":1,"1":18,"2":18,"3":18,"4":18,"5":18,"6":2,"7":18,"8":0,"9":0,"10":0,"11":1,"12":2,"13":0,"14":1,"15":4,"16":2,"17":2,"18":2,"19":2,"20":18,"21":18,"22":2,"23":2,"24":1,"25":1,"26":0,"27":1,"28":1,"29":1,"30":0,"31":0,"32":0,"33":0,"34":2,"35":1,"36":1,"37":4,"38":1,"39":1,"40":1,"41":1,"42":1,"43":1,"44":1,"45":1,"46":1,"47":1,"48":1,"49":1,"50":1,"51":1,"52":1,"53":1,"54":1,"55":1,"56":1,"57":1,"58":1,"59":1,"60":1,"61":1,"62":1,"63":0,"64":0,"65":0,"66":0,"67":0,"68":0,"69":0,"70":0,"71":0,"72":1,"73":1,"74":1,"75":1,"76":1,"77":0,"78":1,"79":1,"80":1,"81":1,"82":1,"83":1},"f":{"0":18,"1":2,"2":0,"3":2,"4":0,"5":4,"6":1,"7":1,"8":0,"9":1,"10":1,"11":0,"12":2,"13":4,"14":1,"15":1,"16":0,"17":0,"18":0},"b":{"0":[1,1,1],"1":[1,0],"2":[18,0],"3":[18,0],"4":[18,18],"5":[0,18],"6":[18,0],"7":[0,0],"8":[1,1,1],"9":[1,0],"10":[1,1,1],"11":[2,2],"12":[4,4],"13":[2,0],"14":[18,0],"15":[18,18],"16":[1,1,1],"17":[1,0],"18":[1,1],"19":[1,1],"20":[1,1],"21":[1,1,1],"22":[1,3],"23":[4,4],"24":[0,0,0],"25":[1,0]},"inputSourceMap":{"version":3,"file":"/Users/mujtabahassan/Desktop/Social-Media-project/src/app.ts","sources":["/Users/mujtabahassan/Desktop/Social-Media-project/src/app.ts"],"names":[],"mappings":";;;;;;;;;;;;;;;;;;;;;;;;;;;;;;;;;;;;;;AAAA,sDAA6B;AAC7B,wDAA+B;AAC/B,0DAA2C;AAC3C,0DAA2C;AAC3C,2CAA4B;AAC5B,+CAAgC;AAChC,4CAAwC;AACxC,8DAAoC;AACpC,yCAA0C;AAC1C,+BAAmC;AACnC,qFAA2D;AAE3D,MAAM,CAAC,MAAM,EAAE,CAAA;AACf,MAAM,GAAG,GAAG,IAAA,iBAAO,GAAE,CAAA;AAoDZ,kBAAG;AAlDZ,MAAM,WAAW,GAAW,OAAO,CAAC,GAAG,CAAC,WAAW,CAAA;AAEnD,MAAM,UAAU,GAAG,IAAA,mBAAY,EAAC,GAAG,CAAC,CAAA;AACpC,MAAM,EAAE,GAAG,IAAI,kBAAM,CAAC,UAAU,CAAC,CAAA;AAEjC,SAAe,GAAG;;QAChB,IAAI;YACF,MAAM,kBAAQ,CAAC,OAAO,CAAC,WAAW,CAAC,CAAA;YACnC,MAAM,UAAU,GAAG,kBAAQ,CAAC,UAAU,CAAA;YACtC,MAAM,KAAK,GAAG,UAAU,CAAC,UAAU,CAAC,OAAO,CAAC,CAAA;YAC5C,EAAE,CAAC,EAAE,CAAC,YAAY,EAAE,CAAC,MAAc,EAAE,EAAE;gBACrC,OAAO,CAAC,GAAG,CAAC,0BAA0B,GAAG,MAAM,CAAC,EAAE,CAAC,CAAA;gBACnD,gCAAgC;gBAChC,2DAA2D;gBAC3D,mDAAmD;gBACnD,8FAA8F;gBAE9F,MAAM,YAAY,GAAG,KAAK,CAAC,KAAK,EAAE,CAAA;gBAElC,YAAY,CAAC,EAAE,CAAC,QAAQ,EAAE,CAAC,IAAS,EAAE,EAAE;oBACtC,QAAQ,IAAI,CAAC,aAAa,EAAE;wBAC5B,KAAK,QAAQ;4BACX,EAAE,CAAC,IAAI,CAAC,QAAQ,EAAE,gBAAgB,CAAC,CAAA;4BACnC,MAAK;wBACP,KAAK,QAAQ;4BACX,EAAE,CAAC,IAAI,CAAC,QAAQ,EAAE,cAAc,CAAC,CAAA;4BACjC,MAAK;wBACP;4BACE,MAAK;qBACN;gBACH,CAAC,CAAC,CAAA;YACJ,CAAC,CAAC,CAAA;SACH;QAAC,WAAM;YACN,wBAAwB;SACzB;IACH,CAAC;CAAA;AAED,GAAG,EAAE,CAAC,KAAK,CAAC,OAAO,CAAC,GAAG,CAAC,CAAA;AACxB,GAAG,CAAC,GAAG,CAAC,aAAa,EAAE,KAAK,CAAC,CAAA;AAC7B,GAAG,CAAC,GAAG,CAAC,qBAAU,CAAC,IAAI,EAAE,CAAC,CAAA;AAC1B,GAAG,CAAC,GAAG,CAAC,qBAAU,CAAC,UAAU,CAAC,EAAE,QAAQ,EAAE,IAAI,EAAE,CAAC,CAAC,CAAA;AAClD,GAAG,CAAC,GAAG,CAAC,OAAO,EAAE,CAAC,GAAoB,EAAE,GAAqB,EAAE,EAAE;IAC/D,GAAG,CAAC,MAAM,CAAC,UAAU,CAAC,CAAA;AACxB,CAAC,CAAC,CAAA;AACF,GAAG,CAAC,GAAG,CAAC,WAAW,EAAE,UAAU,CAAC,MAAM,CAAC,CAAA;AACvC,GAAG,CAAC,GAAG,CAAC,WAAW,EAAE,WAAI,EAAE,UAAU,CAAC,MAAM,CAAC,CAAA;AAC7C,GAAG,CAAC,GAAG,CAAC,0BAAe,CAAC,CAAA;AACxB,MAAM,mBAAmB,GAAG,IAAI,CAAC,IAAI,CAAC,SAAS,EAAE,QAAQ,CAAC,CAAA;AAC1D,GAAG,CAAC,GAAG,CAAC,iBAAO,CAAC,MAAM,CAAC,mBAAmB,CAAC,CAAC,CAAA;AAC5C,UAAU,CAAC,MAAM,CAAC,IAAI,IAAI,OAAO,CAAC,GAAG,CAAC,IAAI,CAAC,CAAA","sourcesContent":["import express from 'express'\nimport mongoose from 'mongoose'\nimport * as userRouter from './routes/user'\nimport * as postRouter from './routes/post'\nimport * as path from 'path'\nimport * as dotenv from 'dotenv'\nimport { auth } from './middleware/auth'\nimport bodyParser from 'body-parser'\nimport { Server, Socket } from 'socket.io'\nimport { createServer } from 'http'\nimport errorMiddleware from './middleware/error.middleware'\n\ndotenv.config()\nconst app = express()\n\nconst MONGODB_URI = <string>process.env.MONGODB_URI\n\nconst httpServer = createServer(app)\nconst io = new Server(httpServer)\n\nasync function run() {\n  try {\n    await mongoose.connect(MONGODB_URI)\n    const connection = mongoose.connection\n    const posts = connection.collection('posts')\n    io.on('connection', (socket: Socket) => { // this is a builtin event\n      console.log('New Websocket Connection' + socket.id)\n      // io.emit('Added', 'userAdded')\n      // socket.emit()    //this only emit to a particular client\n      // io.emit()        //this emits to all the clients\n      // socket.broadcast.emit()   //this emits to all the user except for the current connected one\n\n      const changeStream = posts.watch()\n\n      changeStream.on('change', (next: any) => {\n        switch (next.operationType) {\n        case 'insert':\n          io.emit('update', 'New Post Added')\n          break\n        case 'update':\n          io.emit('update', 'Post Updated')\n          break\n        default:\n          break\n        }\n      })\n    })\n  } catch {\n    // await client.close();\n  }\n}\n\nrun().catch(console.dir)\napp.set('view engine', 'ejs')\napp.use(bodyParser.json())\napp.use(bodyParser.urlencoded({ extended: true }))\napp.get('/home', (req: express.Request, res: express.Response) => {\n  res.render('home.ejs')\n})\napp.use('/v1/users', userRouter.router)\napp.use('/v1/posts', auth, postRouter.router)\napp.use(errorMiddleware)\nconst publicDirectoryPath = path.join(__dirname, 'public')\napp.use(express.static(publicDirectoryPath))\nhttpServer.listen(4000 || process.env.PORT)\nexport { app }\n"]},"_coverageSchema":"1a1c01bbd47fc00a2c39e90264f33305004495a9","hash":"1c4445785721fd924c603c47521bef2e6bc7c152","contentHash":"2272d3093ed4233a92c929f0f941448cf077f0d9df479df657c304f87dbf8dd9"},"/Users/mujtabahassan/Desktop/Social-Media-project/src/routes/user.ts":{"path":"/Users/mujtabahassan/Desktop/Social-Media-project/src/routes/user.ts","statementMap":{"0":{"start":{"line":2,"column":22},"end":{"line":12,"column":3}},"1":{"start":{"line":3,"column":4},"end":{"line":3,"column":33}},"2":{"start":{"line":3,"column":26},"end":{"line":3,"column":33}},"3":{"start":{"line":4,"column":15},"end":{"line":4,"column":52}},"4":{"start":{"line":5,"column":4},"end":{"line":7,"column":5}},"5":{"start":{"line":6,"column":6},"end":{"line":6,"column":68}},"6":{"start":{"line":6,"column":51},"end":{"line":6,"column":63}},"7":{"start":{"line":8,"column":4},"end":{"line":8,"column":39}},"8":{"start":{"line":10,"column":4},"end":{"line":10,"column":33}},"9":{"start":{"line":10,"column":26},"end":{"line":10,"column":33}},"10":{"start":{"line":11,"column":4},"end":{"line":11,"column":17}},"11":{"start":{"line":13,"column":25},"end":{"line":17,"column":2}},"12":{"start":{"line":14,"column":4},"end":{"line":14,"column":72}},"13":{"start":{"line":16,"column":4},"end":{"line":16,"column":21}},"14":{"start":{"line":18,"column":19},"end":{"line":24,"column":1}},"15":{"start":{"line":19,"column":4},"end":{"line":19,"column":42}},"16":{"start":{"line":19,"column":31},"end":{"line":19,"column":42}},"17":{"start":{"line":20,"column":17},"end":{"line":20,"column":19}},"18":{"start":{"line":21,"column":4},"end":{"line":21,"column":141}},"19":{"start":{"line":21,"column":21},"end":{"line":21,"column":141}},"20":{"start":{"line":21,"column":40},"end":{"line":21,"column":141}},"21":{"start":{"line":21,"column":109},"end":{"line":21,"column":141}},"22":{"start":{"line":22,"column":4},"end":{"line":22,"column":36}},"23":{"start":{"line":23,"column":4},"end":{"line":23,"column":18}},"24":{"start":{"line":25,"column":0},"end":{"line":25,"column":62}},"25":{"start":{"line":26,"column":0},"end":{"line":26,"column":24}},"26":{"start":{"line":27,"column":16},"end":{"line":27,"column":48}},"27":{"start":{"line":28,"column":15},"end":{"line":28,"column":45}},"28":{"start":{"line":29,"column":26},"end":{"line":29,"column":67}},"29":{"start":{"line":30,"column":15},"end":{"line":30,"column":44}},"30":{"start":{"line":31,"column":16},"end":{"line":31,"column":42}},"31":{"start":{"line":32,"column":15},"end":{"line":32,"column":31}},"32":{"start":{"line":33,"column":0},"end":{"line":33,"column":24}},"33":{"start":{"line":34,"column":0},"end":{"line":34,"column":101}},"34":{"start":{"line":35,"column":0},"end":{"line":35,"column":101}},"35":{"start":{"line":36,"column":0},"end":{"line":36,"column":24}},"36":{"start":{"line":37,"column":0},"end":{"line":37,"column":68}},"37":{"start":{"line":38,"column":0},"end":{"line":38,"column":75}},"38":{"start":{"line":39,"column":0},"end":{"line":39,"column":73}},"39":{"start":{"line":40,"column":0},"end":{"line":40,"column":77}},"40":{"start":{"line":41,"column":0},"end":{"line":41,"column":72}},"41":{"start":{"line":42,"column":0},"end":{"line":42,"column":62}},"42":{"start":{"line":43,"column":0},"end":{"line":43,"column":65}}},"fnMap":{"0":{"name":"(anonymous_0)","decl":{"start":{"line":2,"column":74},"end":{"line":2,"column":75}},"loc":{"start":{"line":2,"column":96},"end":{"line":9,"column":1}},"line":2},"1":{"name":"(anonymous_1)","decl":{"start":{"line":6,"column":38},"end":{"line":6,"column":39}},"loc":{"start":{"line":6,"column":49},"end":{"line":6,"column":65}},"line":6},"2":{"name":"(anonymous_2)","decl":{"start":{"line":9,"column":6},"end":{"line":9,"column":7}},"loc":{"start":{"line":9,"column":28},"end":{"line":12,"column":1}},"line":9},"3":{"name":"(anonymous_3)","decl":{"start":{"line":13,"column":80},"end":{"line":13,"column":81}},"loc":{"start":{"line":13,"column":95},"end":{"line":15,"column":1}},"line":13},"4":{"name":"(anonymous_4)","decl":{"start":{"line":15,"column":5},"end":{"line":15,"column":6}},"loc":{"start":{"line":15,"column":20},"end":{"line":17,"column":1}},"line":15},"5":{"name":"(anonymous_5)","decl":{"start":{"line":18,"column":50},"end":{"line":18,"column":51}},"loc":{"start":{"line":18,"column":65},"end":{"line":24,"column":1}},"line":18}},"branchMap":{"0":{"loc":{"start":{"line":2,"column":22},"end":{"line":12,"column":3}},"type":"binary-expr","locations":[{"start":{"line":2,"column":23},"end":{"line":2,"column":27}},{"start":{"line":2,"column":31},"end":{"line":2,"column":51}},{"start":{"line":2,"column":57},"end":{"line":12,"column":2}}],"line":2},"1":{"loc":{"start":{"line":2,"column":57},"end":{"line":12,"column":2}},"type":"cond-expr","locations":[{"start":{"line":2,"column":74},"end":{"line":9,"column":1}},{"start":{"line":9,"column":6},"end":{"line":12,"column":1}}],"line":2},"2":{"loc":{"start":{"line":3,"column":4},"end":{"line":3,"column":33}},"type":"if","locations":[{"start":{"line":3,"column":4},"end":{"line":3,"column":33}},{"start":{"line":3,"column":4},"end":{"line":3,"column":33}}],"line":3},"3":{"loc":{"start":{"line":5,"column":4},"end":{"line":7,"column":5}},"type":"if","locations":[{"start":{"line":5,"column":4},"end":{"line":7,"column":5}},{"start":{"line":5,"column":4},"end":{"line":7,"column":5}}],"line":5},"4":{"loc":{"start":{"line":5,"column":8},"end":{"line":5,"column":85}},"type":"binary-expr","locations":[{"start":{"line":5,"column":8},"end":{"line":5,"column":13}},{"start":{"line":5,"column":18},"end":{"line":5,"column":84}}],"line":5},"5":{"loc":{"start":{"line":5,"column":18},"end":{"line":5,"column":84}},"type":"cond-expr","locations":[{"start":{"line":5,"column":34},"end":{"line":5,"column":47}},{"start":{"line":5,"column":50},"end":{"line":5,"column":84}}],"line":5},"6":{"loc":{"start":{"line":5,"column":50},"end":{"line":5,"column":84}},"type":"binary-expr","locations":[{"start":{"line":5,"column":50},"end":{"line":5,"column":63}},{"start":{"line":5,"column":67},"end":{"line":5,"column":84}}],"line":5},"7":{"loc":{"start":{"line":10,"column":4},"end":{"line":10,"column":33}},"type":"if","locations":[{"start":{"line":10,"column":4},"end":{"line":10,"column":33}},{"start":{"line":10,"column":4},"end":{"line":10,"column":33}}],"line":10},"8":{"loc":{"start":{"line":13,"column":25},"end":{"line":17,"column":2}},"type":"binary-expr","locations":[{"start":{"line":13,"column":26},"end":{"line":13,"column":30}},{"start":{"line":13,"column":34},"end":{"line":13,"column":57}},{"start":{"line":13,"column":63},"end":{"line":17,"column":1}}],"line":13},"9":{"loc":{"start":{"line":13,"column":63},"end":{"line":17,"column":1}},"type":"cond-expr","locations":[{"start":{"line":13,"column":80},"end":{"line":15,"column":1}},{"start":{"line":15,"column":5},"end":{"line":17,"column":1}}],"line":13},"10":{"loc":{"start":{"line":18,"column":19},"end":{"line":24,"column":1}},"type":"binary-expr","locations":[{"start":{"line":18,"column":20},"end":{"line":18,"column":24}},{"start":{"line":18,"column":28},"end":{"line":18,"column":45}},{"start":{"line":18,"column":50},"end":{"line":24,"column":1}}],"line":18},"11":{"loc":{"start":{"line":19,"column":4},"end":{"line":19,"column":42}},"type":"if","locations":[{"start":{"line":19,"column":4},"end":{"line":19,"column":42}},{"start":{"line":19,"column":4},"end":{"line":19,"column":42}}],"line":19},"12":{"loc":{"start":{"line":19,"column":8},"end":{"line":19,"column":29}},"type":"binary-expr","locations":[{"start":{"line":19,"column":8},"end":{"line":19,"column":11}},{"start":{"line":19,"column":15},"end":{"line":19,"column":29}}],"line":19},"13":{"loc":{"start":{"line":21,"column":4},"end":{"line":21,"column":141}},"type":"if","locations":[{"start":{"line":21,"column":4},"end":{"line":21,"column":141}},{"start":{"line":21,"column":4},"end":{"line":21,"column":141}}],"line":21},"14":{"loc":{"start":{"line":21,"column":40},"end":{"line":21,"column":141}},"type":"if","locations":[{"start":{"line":21,"column":40},"end":{"line":21,"column":141}},{"start":{"line":21,"column":40},"end":{"line":21,"column":141}}],"line":21},"15":{"loc":{"start":{"line":21,"column":44},"end":{"line":21,"column":107}},"type":"binary-expr","locations":[{"start":{"line":21,"column":44},"end":{"line":21,"column":59}},{"start":{"line":21,"column":63},"end":{"line":21,"column":107}}],"line":21}},"s":{"0":1,"1":11,"2":11,"3":11,"4":11,"5":11,"6":1,"7":11,"8":0,"9":0,"10":0,"11":1,"12":1,"13":0,"14":1,"15":1,"16":0,"17":1,"18":1,"19":1,"20":11,"21":11,"22":1,"23":1,"24":1,"25":1,"26":1,"27":1,"28":1,"29":1,"30":1,"31":1,"32":1,"33":1,"34":1,"35":1,"36":1,"37":1,"38":1,"39":1,"40":1,"41":1,"42":1},"f":{"0":11,"1":1,"2":0,"3":1,"4":0,"5":1},"b":{"0":[1,1,1],"1":[1,0],"2":[11,0],"3":[11,0],"4":[11,11],"5":[0,11],"6":[11,0],"7":[0,0],"8":[1,1,1],"9":[1,0],"10":[1,1,1],"11":[0,1],"12":[1,1],"13":[1,0],"14":[11,0],"15":[11,11]},"inputSourceMap":{"version":3,"file":"/Users/mujtabahassan/Desktop/Social-Media-project/src/routes/user.ts","sources":["/Users/mujtabahassan/Desktop/Social-Media-project/src/routes/user.ts"],"names":[],"mappings":";;;;;;;;;;;;;;;;;;;;;;;;;;AAAA,iDAAkC;AAClC,8CAAoI;AACpI,oEAAiF;AACjF,6CAAyC;AACzC,2CAA8C;AAC9C,MAAM,MAAM,GAAG,OAAO,CAAC,MAAM,EAAE,CAAA;AAsBtB,wBAAM;AApBf,MAAM,CAAC,IAAI,CAAC,UAAU,EAAE,iCAAe,EAAE,IAAA,oBAAY,EAAC,aAAM,CAAC,CAAC,CAAA;AAE9D,MAAM,CAAC,IAAI,CAAC,UAAU,EAAE,iCAAe,EAAE,IAAA,oBAAY,EAAC,aAAM,CAAC,CAAC,CAAA;AAE9D,MAAM,CAAC,GAAG,CAAC,WAAI,CAAC,CAAA;AAEhB,MAAM,CAAC,IAAI,CAAC,WAAW,EAAE,IAAA,oBAAY,EAAC,cAAO,CAAC,CAAC,CAAA;AAE/C,MAAM,CAAC,IAAI,CAAC,eAAe,EAAE,IAAA,oBAAY,EAAC,iBAAU,CAAC,CAAC,CAAA;AAEtD,MAAM,CAAC,IAAI,CAAC,aAAa,EAAE,IAAA,oBAAY,EAAC,iBAAU,CAAC,CAAC,CAAA;AAEpD,MAAM,CAAC,IAAI,CAAC,eAAe,EAAE,IAAA,oBAAY,EAAC,mBAAY,CAAC,CAAC,CAAA;AAExD,MAAM,CAAC,IAAI,CAAC,aAAa,EAAE,IAAA,oBAAY,EAAC,gBAAS,CAAC,CAAC,CAAA;AAEnD,MAAM,CAAC,KAAK,CAAC,GAAG,EAAE,IAAA,oBAAY,EAAC,eAAQ,CAAC,CAAC,CAAA;AAEzC,MAAM,CAAC,MAAM,CAAC,GAAG,EAAE,IAAA,oBAAY,EAAC,iBAAU,CAAC,CAAC,CAAA","sourcesContent":["import * as express from 'express'\nimport { signUp, signIn, signOut, signOutAll, followUser, unfollowUser, goPremium, editUser, deleteUser } from '../controllers/user'\nimport { SignInValidator, SignUpValidator } from '../validations/userValidations'\nimport { auth } from '../middleware/auth'\nimport { asyncHandler } from '../helper/index'\nconst router = express.Router()\n\nrouter.post('/sign_up', SignUpValidator, asyncHandler(signUp))\n\nrouter.post('/sign_in', SignInValidator, asyncHandler(signIn))\n\nrouter.use(auth)\n\nrouter.post('/sign_out', asyncHandler(signOut))\n\nrouter.post('/sign_out_all', asyncHandler(signOutAll))\n\nrouter.post('/:id/follow', asyncHandler(followUser))\n\nrouter.post('/:id/unfollow', asyncHandler(unfollowUser))\n\nrouter.post('/go_premium', asyncHandler(goPremium))\n\nrouter.patch('/', asyncHandler(editUser))\n\nrouter.delete('/', asyncHandler(deleteUser))\n\nexport { router }\n"]},"_coverageSchema":"1a1c01bbd47fc00a2c39e90264f33305004495a9","hash":"de89d52fb358ceaaf767863e1342c3ae102cfd70","contentHash":"b8e8103d8fce74f1e02c20c6112f19e348cd443d32c94eb4e2b1a4cae4d4f17b"},"/Users/mujtabahassan/Desktop/Social-Media-project/src/controllers/user.ts":{"path":"/Users/mujtabahassan/Desktop/Social-Media-project/src/controllers/user.ts","statementMap":{"0":{"start":{"line":2,"column":22},"end":{"line":12,"column":3}},"1":{"start":{"line":3,"column":4},"end":{"line":3,"column":33}},"2":{"start":{"line":3,"column":26},"end":{"line":3,"column":33}},"3":{"start":{"line":4,"column":15},"end":{"line":4,"column":52}},"4":{"start":{"line":5,"column":4},"end":{"line":7,"column":5}},"5":{"start":{"line":6,"column":6},"end":{"line":6,"column":68}},"6":{"start":{"line":6,"column":51},"end":{"line":6,"column":63}},"7":{"start":{"line":8,"column":4},"end":{"line":8,"column":39}},"8":{"start":{"line":10,"column":4},"end":{"line":10,"column":33}},"9":{"start":{"line":10,"column":26},"end":{"line":10,"column":33}},"10":{"start":{"line":11,"column":4},"end":{"line":11,"column":17}},"11":{"start":{"line":13,"column":25},"end":{"line":17,"column":2}},"12":{"start":{"line":14,"column":4},"end":{"line":14,"column":72}},"13":{"start":{"line":16,"column":4},"end":{"line":16,"column":21}},"14":{"start":{"line":18,"column":19},"end":{"line":24,"column":1}},"15":{"start":{"line":19,"column":4},"end":{"line":19,"column":42}},"16":{"start":{"line":19,"column":31},"end":{"line":19,"column":42}},"17":{"start":{"line":20,"column":17},"end":{"line":20,"column":19}},"18":{"start":{"line":21,"column":4},"end":{"line":21,"column":141}},"19":{"start":{"line":21,"column":21},"end":{"line":21,"column":141}},"20":{"start":{"line":21,"column":40},"end":{"line":21,"column":141}},"21":{"start":{"line":21,"column":109},"end":{"line":21,"column":141}},"22":{"start":{"line":22,"column":4},"end":{"line":22,"column":36}},"23":{"start":{"line":23,"column":4},"end":{"line":23,"column":18}},"24":{"start":{"line":25,"column":16},"end":{"line":33,"column":1}},"25":{"start":{"line":26,"column":28},"end":{"line":26,"column":110}},"26":{"start":{"line":26,"column":91},"end":{"line":26,"column":106}},"27":{"start":{"line":27,"column":4},"end":{"line":32,"column":7}},"28":{"start":{"line":28,"column":36},"end":{"line":28,"column":97}},"29":{"start":{"line":28,"column":42},"end":{"line":28,"column":70}},"30":{"start":{"line":28,"column":85},"end":{"line":28,"column":95}},"31":{"start":{"line":29,"column":35},"end":{"line":29,"column":100}},"32":{"start":{"line":29,"column":41},"end":{"line":29,"column":73}},"33":{"start":{"line":29,"column":88},"end":{"line":29,"column":98}},"34":{"start":{"line":30,"column":32},"end":{"line":30,"column":116}},"35":{"start":{"line":31,"column":8},"end":{"line":31,"column":78}},"36":{"start":{"line":34,"column":22},"end":{"line":36,"column":1}},"37":{"start":{"line":35,"column":4},"end":{"line":35,"column":62}},"38":{"start":{"line":37,"column":0},"end":{"line":37,"column":62}},"39":{"start":{"line":38,"column":0},"end":{"line":38,"column":184}},"40":{"start":{"line":39,"column":15},"end":{"line":39,"column":40}},"41":{"start":{"line":40,"column":16},"end":{"line":40,"column":52}},"42":{"start":{"line":41,"column":17},"end":{"line":41,"column":51}},"43":{"start":{"line":43,"column":19},"end":{"line":43,"column":128}},"44":{"start":{"line":44,"column":15},"end":{"line":44,"column":77}},"45":{"start":{"line":45,"column":15},"end":{"line":48,"column":2}},"46":{"start":{"line":45,"column":29},"end":{"line":48,"column":2}},"47":{"start":{"line":46,"column":20},"end":{"line":46,"column":50}},"48":{"start":{"line":47,"column":4},"end":{"line":47,"column":34}},"49":{"start":{"line":49,"column":0},"end":{"line":49,"column":24}},"50":{"start":{"line":50,"column":15},"end":{"line":55,"column":2}},"51":{"start":{"line":50,"column":29},"end":{"line":55,"column":2}},"52":{"start":{"line":51,"column":17},"end":{"line":51,"column":47}},"53":{"start":{"line":52,"column":19},"end":{"line":52,"column":30}},"54":{"start":{"line":53,"column":18},"end":{"line":53,"column":28}},"55":{"start":{"line":54,"column":4},"end":{"line":54,"column":44}},"56":{"start":{"line":56,"column":0},"end":{"line":56,"column":24}},"57":{"start":{"line":57,"column":16},"end":{"line":61,"column":2}},"58":{"start":{"line":57,"column":30},"end":{"line":61,"column":2}},"59":{"start":{"line":58,"column":4},"end":{"line":58,"column":72}},"60":{"start":{"line":59,"column":4},"end":{"line":59,"column":26}},"61":{"start":{"line":60,"column":4},"end":{"line":60,"column":56}},"62":{"start":{"line":62,"column":0},"end":{"line":62,"column":26}},"63":{"start":{"line":63,"column":19},"end":{"line":67,"column":2}},"64":{"start":{"line":63,"column":33},"end":{"line":67,"column":2}},"65":{"start":{"line":64,"column":4},"end":{"line":64,"column":43}},"66":{"start":{"line":65,"column":4},"end":{"line":65,"column":26}},"67":{"start":{"line":66,"column":4},"end":{"line":66,"column":61}},"68":{"start":{"line":68,"column":0},"end":{"line":68,"column":32}},"69":{"start":{"line":69,"column":19},"end":{"line":73,"column":2}},"70":{"start":{"line":69,"column":33},"end":{"line":73,"column":2}},"71":{"start":{"line":70,"column":17},"end":{"line":70,"column":66}},"72":{"start":{"line":71,"column":24},"end":{"line":71,"column":41}},"73":{"start":{"line":72,"column":4},"end":{"line":72,"column":38}},"74":{"start":{"line":74,"column":0},"end":{"line":74,"column":32}},"75":{"start":{"line":75,"column":21},"end":{"line":79,"column":2}},"76":{"start":{"line":75,"column":35},"end":{"line":79,"column":2}},"77":{"start":{"line":76,"column":17},"end":{"line":76,"column":68}},"78":{"start":{"line":77,"column":24},"end":{"line":77,"column":41}},"79":{"start":{"line":78,"column":4},"end":{"line":78,"column":38}},"80":{"start":{"line":80,"column":0},"end":{"line":80,"column":36}},"81":{"start":{"line":81,"column":18},"end":{"line":94,"column":2}},"82":{"start":{"line":81,"column":32},"end":{"line":94,"column":2}},"83":{"start":{"line":82,"column":4},"end":{"line":93,"column":7}},"84":{"start":{"line":88,"column":8},"end":{"line":88,"column":48}},"85":{"start":{"line":89,"column":8},"end":{"line":89,"column":24}},"86":{"start":{"line":90,"column":8},"end":{"line":90,"column":56}},"87":{"start":{"line":92,"column":8},"end":{"line":92,"column":34}},"88":{"start":{"line":95,"column":0},"end":{"line":95,"column":30}},"89":{"start":{"line":96,"column":17},"end":{"line":99,"column":2}},"90":{"start":{"line":96,"column":31},"end":{"line":99,"column":2}},"91":{"start":{"line":97,"column":17},"end":{"line":97,"column":59}},"92":{"start":{"line":98,"column":4},"end":{"line":98,"column":31}},"93":{"start":{"line":100,"column":0},"end":{"line":100,"column":28}},"94":{"start":{"line":101,"column":19},"end":{"line":104,"column":2}},"95":{"start":{"line":101,"column":33},"end":{"line":104,"column":2}},"96":{"start":{"line":102,"column":17},"end":{"line":102,"column":51}},"97":{"start":{"line":103,"column":4},"end":{"line":103,"column":31}},"98":{"start":{"line":105,"column":0},"end":{"line":105,"column":32}}},"fnMap":{"0":{"name":"(anonymous_0)","decl":{"start":{"line":2,"column":74},"end":{"line":2,"column":75}},"loc":{"start":{"line":2,"column":96},"end":{"line":9,"column":1}},"line":2},"1":{"name":"(anonymous_1)","decl":{"start":{"line":6,"column":38},"end":{"line":6,"column":39}},"loc":{"start":{"line":6,"column":49},"end":{"line":6,"column":65}},"line":6},"2":{"name":"(anonymous_2)","decl":{"start":{"line":9,"column":6},"end":{"line":9,"column":7}},"loc":{"start":{"line":9,"column":28},"end":{"line":12,"column":1}},"line":9},"3":{"name":"(anonymous_3)","decl":{"start":{"line":13,"column":80},"end":{"line":13,"column":81}},"loc":{"start":{"line":13,"column":95},"end":{"line":15,"column":1}},"line":13},"4":{"name":"(anonymous_4)","decl":{"start":{"line":15,"column":5},"end":{"line":15,"column":6}},"loc":{"start":{"line":15,"column":20},"end":{"line":17,"column":1}},"line":15},"5":{"name":"(anonymous_5)","decl":{"start":{"line":18,"column":50},"end":{"line":18,"column":51}},"loc":{"start":{"line":18,"column":65},"end":{"line":24,"column":1}},"line":18},"6":{"name":"(anonymous_6)","decl":{"start":{"line":25,"column":44},"end":{"line":25,"column":45}},"loc":{"start":{"line":25,"column":89},"end":{"line":33,"column":1}},"line":25},"7":{"name":"adopt","decl":{"start":{"line":26,"column":13},"end":{"line":26,"column":18}},"loc":{"start":{"line":26,"column":26},"end":{"line":26,"column":112}},"line":26},"8":{"name":"(anonymous_8)","decl":{"start":{"line":26,"column":70},"end":{"line":26,"column":71}},"loc":{"start":{"line":26,"column":89},"end":{"line":26,"column":108}},"line":26},"9":{"name":"(anonymous_9)","decl":{"start":{"line":27,"column":36},"end":{"line":27,"column":37}},"loc":{"start":{"line":27,"column":63},"end":{"line":32,"column":5}},"line":27},"10":{"name":"fulfilled","decl":{"start":{"line":28,"column":17},"end":{"line":28,"column":26}},"loc":{"start":{"line":28,"column":34},"end":{"line":28,"column":99}},"line":28},"11":{"name":"rejected","decl":{"start":{"line":29,"column":17},"end":{"line":29,"column":25}},"loc":{"start":{"line":29,"column":33},"end":{"line":29,"column":102}},"line":29},"12":{"name":"step","decl":{"start":{"line":30,"column":17},"end":{"line":30,"column":21}},"loc":{"start":{"line":30,"column":30},"end":{"line":30,"column":118}},"line":30},"13":{"name":"(anonymous_13)","decl":{"start":{"line":34,"column":56},"end":{"line":34,"column":57}},"loc":{"start":{"line":34,"column":71},"end":{"line":36,"column":1}},"line":34},"14":{"name":"(anonymous_14)","decl":{"start":{"line":45,"column":15},"end":{"line":45,"column":16}},"loc":{"start":{"line":45,"column":29},"end":{"line":48,"column":2}},"line":45},"15":{"name":"(anonymous_15)","decl":{"start":{"line":45,"column":63},"end":{"line":45,"column":64}},"loc":{"start":{"line":45,"column":76},"end":{"line":48,"column":1}},"line":45},"16":{"name":"(anonymous_16)","decl":{"start":{"line":50,"column":15},"end":{"line":50,"column":16}},"loc":{"start":{"line":50,"column":29},"end":{"line":55,"column":2}},"line":50},"17":{"name":"(anonymous_17)","decl":{"start":{"line":50,"column":63},"end":{"line":50,"column":64}},"loc":{"start":{"line":50,"column":76},"end":{"line":55,"column":1}},"line":50},"18":{"name":"(anonymous_18)","decl":{"start":{"line":57,"column":16},"end":{"line":57,"column":17}},"loc":{"start":{"line":57,"column":30},"end":{"line":61,"column":2}},"line":57},"19":{"name":"(anonymous_19)","decl":{"start":{"line":57,"column":64},"end":{"line":57,"column":65}},"loc":{"start":{"line":57,"column":77},"end":{"line":61,"column":1}},"line":57},"20":{"name":"(anonymous_20)","decl":{"start":{"line":63,"column":19},"end":{"line":63,"column":20}},"loc":{"start":{"line":63,"column":33},"end":{"line":67,"column":2}},"line":63},"21":{"name":"(anonymous_21)","decl":{"start":{"line":63,"column":67},"end":{"line":63,"column":68}},"loc":{"start":{"line":63,"column":80},"end":{"line":67,"column":1}},"line":63},"22":{"name":"(anonymous_22)","decl":{"start":{"line":69,"column":19},"end":{"line":69,"column":20}},"loc":{"start":{"line":69,"column":33},"end":{"line":73,"column":2}},"line":69},"23":{"name":"(anonymous_23)","decl":{"start":{"line":69,"column":67},"end":{"line":69,"column":68}},"loc":{"start":{"line":69,"column":80},"end":{"line":73,"column":1}},"line":69},"24":{"name":"(anonymous_24)","decl":{"start":{"line":75,"column":21},"end":{"line":75,"column":22}},"loc":{"start":{"line":75,"column":35},"end":{"line":79,"column":2}},"line":75},"25":{"name":"(anonymous_25)","decl":{"start":{"line":75,"column":69},"end":{"line":75,"column":70}},"loc":{"start":{"line":75,"column":82},"end":{"line":79,"column":1}},"line":75},"26":{"name":"(anonymous_26)","decl":{"start":{"line":81,"column":18},"end":{"line":81,"column":19}},"loc":{"start":{"line":81,"column":32},"end":{"line":94,"column":2}},"line":81},"27":{"name":"(anonymous_27)","decl":{"start":{"line":81,"column":66},"end":{"line":81,"column":67}},"loc":{"start":{"line":81,"column":79},"end":{"line":94,"column":1}},"line":81},"28":{"name":"(anonymous_28)","decl":{"start":{"line":87,"column":12},"end":{"line":87,"column":13}},"loc":{"start":{"line":87,"column":24},"end":{"line":91,"column":5}},"line":87},"29":{"name":"(anonymous_29)","decl":{"start":{"line":91,"column":13},"end":{"line":91,"column":14}},"loc":{"start":{"line":91,"column":22},"end":{"line":93,"column":5}},"line":91},"30":{"name":"(anonymous_30)","decl":{"start":{"line":96,"column":17},"end":{"line":96,"column":18}},"loc":{"start":{"line":96,"column":31},"end":{"line":99,"column":2}},"line":96},"31":{"name":"(anonymous_31)","decl":{"start":{"line":96,"column":65},"end":{"line":96,"column":66}},"loc":{"start":{"line":96,"column":78},"end":{"line":99,"column":1}},"line":96},"32":{"name":"(anonymous_32)","decl":{"start":{"line":101,"column":19},"end":{"line":101,"column":20}},"loc":{"start":{"line":101,"column":33},"end":{"line":104,"column":2}},"line":101},"33":{"name":"(anonymous_33)","decl":{"start":{"line":101,"column":67},"end":{"line":101,"column":68}},"loc":{"start":{"line":101,"column":80},"end":{"line":104,"column":1}},"line":101}},"branchMap":{"0":{"loc":{"start":{"line":2,"column":22},"end":{"line":12,"column":3}},"type":"binary-expr","locations":[{"start":{"line":2,"column":23},"end":{"line":2,"column":27}},{"start":{"line":2,"column":31},"end":{"line":2,"column":51}},{"start":{"line":2,"column":57},"end":{"line":12,"column":2}}],"line":2},"1":{"loc":{"start":{"line":2,"column":57},"end":{"line":12,"column":2}},"type":"cond-expr","locations":[{"start":{"line":2,"column":74},"end":{"line":9,"column":1}},{"start":{"line":9,"column":6},"end":{"line":12,"column":1}}],"line":2},"2":{"loc":{"start":{"line":3,"column":4},"end":{"line":3,"column":33}},"type":"if","locations":[{"start":{"line":3,"column":4},"end":{"line":3,"column":33}},{"start":{"line":3,"column":4},"end":{"line":3,"column":33}}],"line":3},"3":{"loc":{"start":{"line":5,"column":4},"end":{"line":7,"column":5}},"type":"if","locations":[{"start":{"line":5,"column":4},"end":{"line":7,"column":5}},{"start":{"line":5,"column":4},"end":{"line":7,"column":5}}],"line":5},"4":{"loc":{"start":{"line":5,"column":8},"end":{"line":5,"column":85}},"type":"binary-expr","locations":[{"start":{"line":5,"column":8},"end":{"line":5,"column":13}},{"start":{"line":5,"column":18},"end":{"line":5,"column":84}}],"line":5},"5":{"loc":{"start":{"line":5,"column":18},"end":{"line":5,"column":84}},"type":"cond-expr","locations":[{"start":{"line":5,"column":34},"end":{"line":5,"column":47}},{"start":{"line":5,"column":50},"end":{"line":5,"column":84}}],"line":5},"6":{"loc":{"start":{"line":5,"column":50},"end":{"line":5,"column":84}},"type":"binary-expr","locations":[{"start":{"line":5,"column":50},"end":{"line":5,"column":63}},{"start":{"line":5,"column":67},"end":{"line":5,"column":84}}],"line":5},"7":{"loc":{"start":{"line":10,"column":4},"end":{"line":10,"column":33}},"type":"if","locations":[{"start":{"line":10,"column":4},"end":{"line":10,"column":33}},{"start":{"line":10,"column":4},"end":{"line":10,"column":33}}],"line":10},"8":{"loc":{"start":{"line":13,"column":25},"end":{"line":17,"column":2}},"type":"binary-expr","locations":[{"start":{"line":13,"column":26},"end":{"line":13,"column":30}},{"start":{"line":13,"column":34},"end":{"line":13,"column":57}},{"start":{"line":13,"column":63},"end":{"line":17,"column":1}}],"line":13},"9":{"loc":{"start":{"line":13,"column":63},"end":{"line":17,"column":1}},"type":"cond-expr","locations":[{"start":{"line":13,"column":80},"end":{"line":15,"column":1}},{"start":{"line":15,"column":5},"end":{"line":17,"column":1}}],"line":13},"10":{"loc":{"start":{"line":18,"column":19},"end":{"line":24,"column":1}},"type":"binary-expr","locations":[{"start":{"line":18,"column":20},"end":{"line":18,"column":24}},{"start":{"line":18,"column":28},"end":{"line":18,"column":45}},{"start":{"line":18,"column":50},"end":{"line":24,"column":1}}],"line":18},"11":{"loc":{"start":{"line":19,"column":4},"end":{"line":19,"column":42}},"type":"if","locations":[{"start":{"line":19,"column":4},"end":{"line":19,"column":42}},{"start":{"line":19,"column":4},"end":{"line":19,"column":42}}],"line":19},"12":{"loc":{"start":{"line":19,"column":8},"end":{"line":19,"column":29}},"type":"binary-expr","locations":[{"start":{"line":19,"column":8},"end":{"line":19,"column":11}},{"start":{"line":19,"column":15},"end":{"line":19,"column":29}}],"line":19},"13":{"loc":{"start":{"line":21,"column":4},"end":{"line":21,"column":141}},"type":"if","locations":[{"start":{"line":21,"column":4},"end":{"line":21,"column":141}},{"start":{"line":21,"column":4},"end":{"line":21,"column":141}}],"line":21},"14":{"loc":{"start":{"line":21,"column":40},"end":{"line":21,"column":141}},"type":"if","locations":[{"start":{"line":21,"column":40},"end":{"line":21,"column":141}},{"start":{"line":21,"column":40},"end":{"line":21,"column":141}}],"line":21},"15":{"loc":{"start":{"line":21,"column":44},"end":{"line":21,"column":107}},"type":"binary-expr","locations":[{"start":{"line":21,"column":44},"end":{"line":21,"column":59}},{"start":{"line":21,"column":63},"end":{"line":21,"column":107}}],"line":21},"16":{"loc":{"start":{"line":25,"column":16},"end":{"line":33,"column":1}},"type":"binary-expr","locations":[{"start":{"line":25,"column":17},"end":{"line":25,"column":21}},{"start":{"line":25,"column":25},"end":{"line":25,"column":39}},{"start":{"line":25,"column":44},"end":{"line":33,"column":1}}],"line":25},"17":{"loc":{"start":{"line":26,"column":35},"end":{"line":26,"column":109}},"type":"cond-expr","locations":[{"start":{"line":26,"column":56},"end":{"line":26,"column":61}},{"start":{"line":26,"column":64},"end":{"line":26,"column":109}}],"line":26},"18":{"loc":{"start":{"line":27,"column":16},"end":{"line":27,"column":34}},"type":"binary-expr","locations":[{"start":{"line":27,"column":16},"end":{"line":27,"column":17}},{"start":{"line":27,"column":22},"end":{"line":27,"column":33}}],"line":27},"19":{"loc":{"start":{"line":30,"column":32},"end":{"line":30,"column":115}},"type":"cond-expr","locations":[{"start":{"line":30,"column":46},"end":{"line":30,"column":67}},{"start":{"line":30,"column":70},"end":{"line":30,"column":115}}],"line":30},"20":{"loc":{"start":{"line":31,"column":51},"end":{"line":31,"column":67}},"type":"binary-expr","locations":[{"start":{"line":31,"column":51},"end":{"line":31,"column":61}},{"start":{"line":31,"column":65},"end":{"line":31,"column":67}}],"line":31},"21":{"loc":{"start":{"line":34,"column":22},"end":{"line":36,"column":1}},"type":"binary-expr","locations":[{"start":{"line":34,"column":23},"end":{"line":34,"column":27}},{"start":{"line":34,"column":31},"end":{"line":34,"column":51}},{"start":{"line":34,"column":56},"end":{"line":36,"column":1}}],"line":34},"22":{"loc":{"start":{"line":35,"column":11},"end":{"line":35,"column":61}},"type":"cond-expr","locations":[{"start":{"line":35,"column":37},"end":{"line":35,"column":40}},{"start":{"line":35,"column":43},"end":{"line":35,"column":61}}],"line":35},"23":{"loc":{"start":{"line":35,"column":12},"end":{"line":35,"column":33}},"type":"binary-expr","locations":[{"start":{"line":35,"column":12},"end":{"line":35,"column":15}},{"start":{"line":35,"column":19},"end":{"line":35,"column":33}}],"line":35}},"s":{"0":1,"1":0,"2":0,"3":0,"4":0,"5":0,"6":0,"7":0,"8":0,"9":0,"10":0,"11":1,"12":0,"13":0,"14":1,"15":1,"16":1,"17":0,"18":0,"19":0,"20":0,"21":0,"22":0,"23":0,"24":1,"25":3,"26":0,"27":3,"28":2,"29":2,"30":0,"31":1,"32":1,"33":1,"34":5,"35":3,"36":1,"37":1,"38":1,"39":1,"40":1,"41":1,"42":1,"43":1,"44":1,"45":1,"46":0,"47":0,"48":0,"49":1,"50":1,"51":3,"52":3,"53":2,"54":2,"55":2,"56":1,"57":1,"58":0,"59":0,"60":0,"61":0,"62":1,"63":1,"64":0,"65":0,"66":0,"67":0,"68":1,"69":1,"70":0,"71":0,"72":0,"73":0,"74":1,"75":1,"76":0,"77":0,"78":0,"79":0,"80":1,"81":1,"82":0,"83":0,"84":0,"85":0,"86":0,"87":0,"88":1,"89":1,"90":0,"91":0,"92":0,"93":1,"94":1,"95":0,"96":0,"97":0,"98":1},"f":{"0":0,"1":0,"2":0,"3":0,"4":0,"5":1,"6":3,"7":3,"8":0,"9":3,"10":2,"11":1,"12":5,"13":1,"14":0,"15":0,"16":3,"17":3,"18":0,"19":0,"20":0,"21":0,"22":0,"23":0,"24":0,"25":0,"26":0,"27":0,"28":0,"29":0,"30":0,"31":0,"32":0,"33":0},"b":{"0":[1,1,1],"1":[1,0],"2":[0,0],"3":[0,0],"4":[0,0],"5":[0,0],"6":[0,0],"7":[0,0],"8":[1,1,1],"9":[1,0],"10":[1,1,1],"11":[1,0],"12":[1,1],"13":[0,0],"14":[0,0],"15":[0,0],"16":[1,1,1],"17":[3,0],"18":[3,3],"19":[2,3],"20":[3,3],"21":[1,1,1],"22":[0,1],"23":[1,1]},"inputSourceMap":{"version":3,"file":"/Users/mujtabahassan/Desktop/Social-Media-project/src/controllers/user.ts","sources":["/Users/mujtabahassan/Desktop/Social-Media-project/src/controllers/user.ts"],"names":[],"mappings":";;;;;;;;;;;;;;;;;;;;;;;;;;;;;;;;;;;;;;AACA,yCAAqC;AACrC,qDAAsC;AAEtC,oDAA2B;AAE3B,wIAAwI;AACxI,MAAM,UAAU,GAAG,6GAA6G,CAAA;AAEhI,MAAM,MAAM,GAAG,IAAI,gBAAM,CAAC,UAAU,EAAE,EAAE,UAAU,EAAE,YAAY,EAAE,CAAC,CAAA;AAEnE,MAAM,MAAM,GAAG,CAAM,GAAY,EAAE,GAAa,EAAE,EAAE;IAClD,MAAM,OAAO,GAAG,MAAM,OAAO,CAAC,MAAM,CAAC,GAAG,CAAC,IAAI,CAAC,CAAA;IAC9C,GAAG,CAAC,MAAM,CAAC,GAAG,CAAC,CAAC,IAAI,CAAC,OAAO,CAAC,CAAA;AAC/B,CAAC,CAAA,CAAA;AA0DQ,wBAAM;AAxDf,MAAM,MAAM,GAAG,CAAM,GAAY,EAAE,GAAa,EAAE,EAAE;IAClD,MAAM,IAAI,GAAG,MAAM,OAAO,CAAC,MAAM,CAAC,GAAG,CAAC,IAAI,CAAC,CAAA;IAC3C,MAAM,MAAM,GAAG,IAAI,CAAC,MAAM,CAAA;IAC1B,MAAM,KAAK,GAAG,IAAI,CAAC,KAAK,CAAA;IACxB,GAAG,CAAC,MAAM,CAAC,GAAG,CAAC,CAAC,IAAI,CAAC,EAAE,MAAM,EAAE,KAAK,EAAE,CAAC,CAAA;AACzC,CAAC,CAAA,CAAA;AAmDgB,wBAAM;AAjDvB,MAAM,OAAO,GAAG,CAAM,GAA4B,EAAE,GAAa,EAAE,EAAE;IACnE,GAAG,CAAC,IAAI,CAAC,MAAM,GAAG,MAAM,OAAO,CAAC,OAAO,CAAC,GAAG,CAAC,IAAI,CAAC,MAAM,EAAE,GAAG,CAAC,KAAK,CAAC,CAAA;IACnE,MAAM,GAAG,CAAC,IAAI,CAAC,IAAI,EAAE,CAAA;IACrB,GAAG,CAAC,MAAM,CAAC,GAAG,CAAC,CAAC,IAAI,CAAC,EAAE,MAAM,EAAE,iBAAiB,EAAE,CAAC,CAAA;AACrD,CAAC,CAAA,CAAA;AA6CwB,0BAAO;AA3ChC,MAAM,UAAU,GAAG,CAAM,GAA4B,EAAE,GAAa,EAAE,EAAE;IACtE,GAAG,CAAC,IAAI,CAAC,MAAM,GAAG,OAAO,CAAC,UAAU,EAAE,CAAA;IACtC,MAAM,GAAG,CAAC,IAAI,CAAC,IAAI,EAAE,CAAA;IACrB,GAAG,CAAC,MAAM,CAAC,GAAG,CAAC,CAAC,IAAI,CAAC,EAAE,MAAM,EAAE,sBAAsB,EAAE,CAAC,CAAA;AAC1D,CAAC,CAAA,CAAA;AAuCiC,gCAAU;AArC5C,MAAM,UAAU,GAAG,CAAM,GAA4B,EAAE,GAAa,EAAE,EAAE;IACtE,MAAM,IAAI,GAAG,MAAM,OAAO,CAAC,UAAU,CAAC,GAAG,CAAC,IAAI,EAAE,GAAG,CAAC,MAAM,CAAC,EAAE,CAAC,CAAA;IAC9D,MAAM,WAAW,GAAG,MAAM,IAAI,CAAC,IAAI,EAAE,CAAA;IACrC,GAAG,CAAC,MAAM,CAAC,GAAG,CAAC,CAAC,IAAI,CAAC,WAAW,CAAC,CAAA;AACnC,CAAC,CAAA,CAAA;AAiC6C,gCAAU;AA/BxD,MAAM,YAAY,GAAG,CAAM,GAA4B,EAAE,GAAa,EAAE,EAAE;IACxE,MAAM,IAAI,GAAG,MAAM,OAAO,CAAC,YAAY,CAAC,GAAG,CAAC,IAAI,EAAE,GAAG,CAAC,MAAM,CAAC,EAAE,CAAC,CAAA;IAChE,MAAM,WAAW,GAAG,MAAM,IAAI,CAAC,IAAI,EAAE,CAAA;IACrC,GAAG,CAAC,MAAM,CAAC,GAAG,CAAC,CAAC,IAAI,CAAC,WAAW,CAAC,CAAA;AACnC,CAAC,CAAA,CAAA;AA2ByD,oCAAY;AAzBtE,MAAM,SAAS,GAAG,CAAM,GAA4B,EAAE,GAAa,EAAE,EAAE;IACrE,MAAM,CAAC,cAAc,CAAC,MAAM,CAAC;QAC3B,MAAM,EAAE,IAAI;QACZ,QAAQ,EAAE,KAAK;QACf,oBAAoB,EAAE,CAAC,GAAG,CAAC,IAAI,CAAC,IAAI,CAAC;QACrC,aAAa,EAAE,GAAG,CAAC,IAAI,CAAC,KAAK;KAC9B,CAAC,CAAC,IAAI,CAAC,CAAC,MAAM,EAAE,EAAE;QACjB,GAAG,CAAC,IAAI,CAAC,QAAQ,GAAG,WAAI,CAAC,OAAO,CAAA;QAChC,GAAG,CAAC,IAAI,CAAC,IAAI,EAAE,CAAA;QACf,GAAG,CAAC,MAAM,CAAC,GAAG,CAAC,CAAC,IAAI,CAAC,EAAE,MAAM,EAAE,MAAM,CAAC,MAAM,EAAE,CAAC,CAAA;IACjD,CAAC,CAAC,CAAC,KAAK,CAAC,CAAC,GAAG,EAAE,EAAE;QACf,GAAG,CAAC,MAAM,CAAC,GAAG,CAAC,CAAC,IAAI,CAAC,GAAG,CAAC,CAAA;IAC3B,CAAC,CAAC,CAAA;AACJ,CAAC,CAAA,CAAA;AAYuE,8BAAS;AAVjF,MAAM,QAAQ,GAAG,CAAM,GAA4B,EAAE,GAAa,EAAE,EAAE;IACpE,MAAM,IAAI,GAAG,MAAM,OAAO,CAAC,QAAQ,CAAC,GAAG,CAAC,IAAI,EAAE,GAAG,CAAC,IAAI,CAAC,CAAA;IACvD,GAAG,CAAC,MAAM,CAAC,GAAG,CAAC,CAAC,IAAI,CAAC,IAAI,CAAC,CAAA;AAC5B,CAAC,CAAA,CAAA;AAOkF,4BAAQ;AAL3F,MAAM,UAAU,GAAG,CAAM,GAA4B,EAAE,GAAa,EAAE,EAAE;IACtE,MAAM,IAAI,GAAG,MAAM,OAAO,CAAC,UAAU,CAAC,GAAG,CAAC,IAAI,CAAC,CAAA;IAC/C,GAAG,CAAC,MAAM,CAAC,GAAG,CAAC,CAAC,IAAI,CAAC,IAAI,CAAC,CAAA;AAC5B,CAAC,CAAA,CAAA;AAE4F,gCAAU","sourcesContent":["import { Request, Response } from 'express'\nimport { role } from '../models/user'\nimport * as userlib from '../lib/user'\nimport { IGetUserAuthInfoRequest } from '../types/types'\nimport Stripe from 'stripe'\n\n// const publishable_key = 'pk_test_51LY80CC9gE7fmgQgnD7cwXbMpILGuIAppj6EwuN6Vsh4sb3eUEgyvmyYJ0PNXLFoNfzCN5kxEQYjTUWnjye1KdpD00AKCUn3dQ'\nconst secret_key = 'sk_test_51LY80CC9gE7fmgQgraV8583r0o2CpXBafHrrdbVduKvs1OTaW6KqIhmcIjdIr3UiNleU0IQ6Cqx5iSWPMNQlnBTr00nHOSdE5c'\n\nconst stripe = new Stripe(secret_key, { apiVersion: '2022-08-01' })\n\nconst signUp = async(req: Request, res: Response) => {\n  const newUser = await userlib.signUp(req.body)\n  res.status(200).send(newUser)\n}\n\nconst signIn = async(req: Request, res: Response) => {\n  const user = await userlib.SignIn(req.body)\n  const myUser = user.myUser\n  const token = user.token\n  res.status(200).send({ myUser, token })\n}\n\nconst signOut = async(req: IGetUserAuthInfoRequest, res: Response) => {\n  req.user.tokens = await userlib.signOut(req.user.tokens, req.token)\n  await req.user.save()\n  res.status(200).send({ status: 'User Logged out' })\n}\n\nconst signOutAll = async(req: IGetUserAuthInfoRequest, res: Response) => {\n  req.user.tokens = userlib.signOutAll()\n  await req.user.save()\n  res.status(200).send({ status: 'All Users Logged out' })\n}\n\nconst followUser = async(req: IGetUserAuthInfoRequest, res: Response) => {\n  const user = await userlib.followUser(req.user, req.params.id)\n  const updateduser = await user.save()\n  res.status(200).send(updateduser)\n}\n\nconst unfollowUser = async(req: IGetUserAuthInfoRequest, res: Response) => {\n  const user = await userlib.unfollowUser(req.user, req.params.id)\n  const updateduser = await user.save()\n  res.status(200).send(updateduser)\n}\n\nconst goPremium = async(req: IGetUserAuthInfoRequest, res: Response) => {\n  stripe.paymentIntents.create({\n    amount: 5900,\n    currency: 'usd',\n    payment_method_types: [req.body.card],\n    receipt_email: req.user.email\n  }).then((result) => {\n    req.user.userRole = role.PREMIUM\n    req.user.save()\n    res.status(200).send({ status: result.status })\n  }).catch((err) => {\n    res.status(500).send(err)\n  })\n}\n\nconst editUser = async(req: IGetUserAuthInfoRequest, res: Response) => {\n  const user = await userlib.editUser(req.user, req.body)\n  res.status(200).send(user)\n}\n\nconst deleteUser = async(req: IGetUserAuthInfoRequest, res: Response) => {\n  const user = await userlib.deleteUser(req.user)\n  res.status(200).send(user)\n}\n\nexport { signUp, signIn, signOut, signOutAll, followUser, unfollowUser, goPremium, editUser, deleteUser }\n"]},"_coverageSchema":"1a1c01bbd47fc00a2c39e90264f33305004495a9","hash":"13d61df2733d125e18e18f321604cb8d15d31a03","contentHash":"2c42345385fe3945ac81ac9fd2255abb3f4b498e77b91f1145569b5844787c93"},"/Users/mujtabahassan/Desktop/Social-Media-project/src/models/user.ts":{"path":"/Users/mujtabahassan/Desktop/Social-Media-project/src/models/user.ts","statementMap":{"0":{"start":{"line":2,"column":22},"end":{"line":12,"column":3}},"1":{"start":{"line":3,"column":4},"end":{"line":3,"column":33}},"2":{"start":{"line":3,"column":26},"end":{"line":3,"column":33}},"3":{"start":{"line":4,"column":15},"end":{"line":4,"column":52}},"4":{"start":{"line":5,"column":4},"end":{"line":7,"column":5}},"5":{"start":{"line":6,"column":6},"end":{"line":6,"column":68}},"6":{"start":{"line":6,"column":51},"end":{"line":6,"column":63}},"7":{"start":{"line":8,"column":4},"end":{"line":8,"column":39}},"8":{"start":{"line":10,"column":4},"end":{"line":10,"column":33}},"9":{"start":{"line":10,"column":26},"end":{"line":10,"column":33}},"10":{"start":{"line":11,"column":4},"end":{"line":11,"column":17}},"11":{"start":{"line":13,"column":25},"end":{"line":17,"column":2}},"12":{"start":{"line":14,"column":4},"end":{"line":14,"column":72}},"13":{"start":{"line":16,"column":4},"end":{"line":16,"column":21}},"14":{"start":{"line":18,"column":19},"end":{"line":24,"column":1}},"15":{"start":{"line":19,"column":4},"end":{"line":19,"column":42}},"16":{"start":{"line":19,"column":31},"end":{"line":19,"column":42}},"17":{"start":{"line":20,"column":17},"end":{"line":20,"column":19}},"18":{"start":{"line":21,"column":4},"end":{"line":21,"column":141}},"19":{"start":{"line":21,"column":21},"end":{"line":21,"column":141}},"20":{"start":{"line":21,"column":40},"end":{"line":21,"column":141}},"21":{"start":{"line":21,"column":109},"end":{"line":21,"column":141}},"22":{"start":{"line":22,"column":4},"end":{"line":22,"column":36}},"23":{"start":{"line":23,"column":4},"end":{"line":23,"column":18}},"24":{"start":{"line":25,"column":16},"end":{"line":33,"column":1}},"25":{"start":{"line":26,"column":28},"end":{"line":26,"column":110}},"26":{"start":{"line":26,"column":91},"end":{"line":26,"column":106}},"27":{"start":{"line":27,"column":4},"end":{"line":32,"column":7}},"28":{"start":{"line":28,"column":36},"end":{"line":28,"column":97}},"29":{"start":{"line":28,"column":42},"end":{"line":28,"column":70}},"30":{"start":{"line":28,"column":85},"end":{"line":28,"column":95}},"31":{"start":{"line":29,"column":35},"end":{"line":29,"column":100}},"32":{"start":{"line":29,"column":41},"end":{"line":29,"column":73}},"33":{"start":{"line":29,"column":88},"end":{"line":29,"column":98}},"34":{"start":{"line":30,"column":32},"end":{"line":30,"column":116}},"35":{"start":{"line":31,"column":8},"end":{"line":31,"column":78}},"36":{"start":{"line":34,"column":22},"end":{"line":36,"column":1}},"37":{"start":{"line":35,"column":4},"end":{"line":35,"column":62}},"38":{"start":{"line":37,"column":0},"end":{"line":37,"column":62}},"39":{"start":{"line":38,"column":0},"end":{"line":38,"column":37}},"40":{"start":{"line":39,"column":19},"end":{"line":39,"column":38}},"41":{"start":{"line":40,"column":17},"end":{"line":40,"column":51}},"42":{"start":{"line":41,"column":23},"end":{"line":41,"column":63}},"43":{"start":{"line":42,"column":15},"end":{"line":42,"column":46}},"44":{"start":{"line":43,"column":13},"end":{"line":43,"column":48}},"45":{"start":{"line":44,"column":0},"end":{"line":44,"column":16}},"46":{"start":{"line":46,"column":0},"end":{"line":50,"column":24}},"47":{"start":{"line":47,"column":4},"end":{"line":47,"column":36}},"48":{"start":{"line":48,"column":4},"end":{"line":48,"column":30}},"49":{"start":{"line":49,"column":4},"end":{"line":49,"column":32}},"50":{"start":{"line":51,"column":0},"end":{"line":51,"column":20}},"51":{"start":{"line":52,"column":19},"end":{"line":89,"column":2}},"52":{"start":{"line":90,"column":0},"end":{"line":100,"column":2}},"53":{"start":{"line":91,"column":4},"end":{"line":99,"column":7}},"54":{"start":{"line":92,"column":8},"end":{"line":94,"column":9}},"55":{"start":{"line":93,"column":12},"end":{"line":93,"column":56}},"56":{"start":{"line":95,"column":22},"end":{"line":95,"column":105}},"57":{"start":{"line":96,"column":8},"end":{"line":96,"column":39}},"58":{"start":{"line":97,"column":8},"end":{"line":97,"column":20}},"59":{"start":{"line":98,"column":8},"end":{"line":98,"column":21}},"60":{"start":{"line":101,"column":0},"end":{"line":108,"column":3}},"61":{"start":{"line":102,"column":4},"end":{"line":107,"column":7}},"62":{"start":{"line":103,"column":8},"end":{"line":105,"column":9}},"63":{"start":{"line":104,"column":12},"end":{"line":104,"column":74}},"64":{"start":{"line":106,"column":8},"end":{"line":106,"column":15}},"65":{"start":{"line":109,"column":0},"end":{"line":113,"column":3}},"66":{"start":{"line":114,"column":0},"end":{"line":118,"column":3}},"67":{"start":{"line":119,"column":0},"end":{"line":126,"column":2}},"68":{"start":{"line":120,"column":20},"end":{"line":120,"column":35}},"69":{"start":{"line":121,"column":4},"end":{"line":121,"column":28}},"70":{"start":{"line":122,"column":4},"end":{"line":122,"column":22}},"71":{"start":{"line":123,"column":4},"end":{"line":123,"column":26}},"72":{"start":{"line":125,"column":4},"end":{"line":125,"column":19}},"73":{"start":{"line":127,"column":0},"end":{"line":127,"column":47}},"74":{"start":{"line":128,"column":0},"end":{"line":128,"column":45}},"75":{"start":{"line":129,"column":13},"end":{"line":129,"column":54}},"76":{"start":{"line":130,"column":0},"end":{"line":130,"column":20}}},"fnMap":{"0":{"name":"(anonymous_0)","decl":{"start":{"line":2,"column":74},"end":{"line":2,"column":75}},"loc":{"start":{"line":2,"column":96},"end":{"line":9,"column":1}},"line":2},"1":{"name":"(anonymous_1)","decl":{"start":{"line":6,"column":38},"end":{"line":6,"column":39}},"loc":{"start":{"line":6,"column":49},"end":{"line":6,"column":65}},"line":6},"2":{"name":"(anonymous_2)","decl":{"start":{"line":9,"column":6},"end":{"line":9,"column":7}},"loc":{"start":{"line":9,"column":28},"end":{"line":12,"column":1}},"line":9},"3":{"name":"(anonymous_3)","decl":{"start":{"line":13,"column":80},"end":{"line":13,"column":81}},"loc":{"start":{"line":13,"column":95},"end":{"line":15,"column":1}},"line":13},"4":{"name":"(anonymous_4)","decl":{"start":{"line":15,"column":5},"end":{"line":15,"column":6}},"loc":{"start":{"line":15,"column":20},"end":{"line":17,"column":1}},"line":15},"5":{"name":"(anonymous_5)","decl":{"start":{"line":18,"column":50},"end":{"line":18,"column":51}},"loc":{"start":{"line":18,"column":65},"end":{"line":24,"column":1}},"line":18},"6":{"name":"(anonymous_6)","decl":{"start":{"line":25,"column":44},"end":{"line":25,"column":45}},"loc":{"start":{"line":25,"column":89},"end":{"line":33,"column":1}},"line":25},"7":{"name":"adopt","decl":{"start":{"line":26,"column":13},"end":{"line":26,"column":18}},"loc":{"start":{"line":26,"column":26},"end":{"line":26,"column":112}},"line":26},"8":{"name":"(anonymous_8)","decl":{"start":{"line":26,"column":70},"end":{"line":26,"column":71}},"loc":{"start":{"line":26,"column":89},"end":{"line":26,"column":108}},"line":26},"9":{"name":"(anonymous_9)","decl":{"start":{"line":27,"column":36},"end":{"line":27,"column":37}},"loc":{"start":{"line":27,"column":63},"end":{"line":32,"column":5}},"line":27},"10":{"name":"fulfilled","decl":{"start":{"line":28,"column":17},"end":{"line":28,"column":26}},"loc":{"start":{"line":28,"column":34},"end":{"line":28,"column":99}},"line":28},"11":{"name":"rejected","decl":{"start":{"line":29,"column":17},"end":{"line":29,"column":25}},"loc":{"start":{"line":29,"column":33},"end":{"line":29,"column":102}},"line":29},"12":{"name":"step","decl":{"start":{"line":30,"column":17},"end":{"line":30,"column":21}},"loc":{"start":{"line":30,"column":30},"end":{"line":30,"column":118}},"line":30},"13":{"name":"(anonymous_13)","decl":{"start":{"line":34,"column":56},"end":{"line":34,"column":57}},"loc":{"start":{"line":34,"column":71},"end":{"line":36,"column":1}},"line":34},"14":{"name":"(anonymous_14)","decl":{"start":{"line":46,"column":1},"end":{"line":46,"column":2}},"loc":{"start":{"line":46,"column":17},"end":{"line":50,"column":1}},"line":46},"15":{"name":"(anonymous_15)","decl":{"start":{"line":90,"column":38},"end":{"line":90,"column":39}},"loc":{"start":{"line":90,"column":50},"end":{"line":100,"column":1}},"line":90},"16":{"name":"(anonymous_16)","decl":{"start":{"line":91,"column":43},"end":{"line":91,"column":44}},"loc":{"start":{"line":91,"column":56},"end":{"line":99,"column":5}},"line":91},"17":{"name":"(anonymous_17)","decl":{"start":{"line":101,"column":23},"end":{"line":101,"column":24}},"loc":{"start":{"line":101,"column":39},"end":{"line":108,"column":1}},"line":101},"18":{"name":"(anonymous_18)","decl":{"start":{"line":102,"column":43},"end":{"line":102,"column":44}},"loc":{"start":{"line":102,"column":56},"end":{"line":107,"column":5}},"line":102},"19":{"name":"(anonymous_19)","decl":{"start":{"line":119,"column":28},"end":{"line":119,"column":29}},"loc":{"start":{"line":119,"column":40},"end":{"line":126,"column":1}},"line":119}},"branchMap":{"0":{"loc":{"start":{"line":2,"column":22},"end":{"line":12,"column":3}},"type":"binary-expr","locations":[{"start":{"line":2,"column":23},"end":{"line":2,"column":27}},{"start":{"line":2,"column":31},"end":{"line":2,"column":51}},{"start":{"line":2,"column":57},"end":{"line":12,"column":2}}],"line":2},"1":{"loc":{"start":{"line":2,"column":57},"end":{"line":12,"column":2}},"type":"cond-expr","locations":[{"start":{"line":2,"column":74},"end":{"line":9,"column":1}},{"start":{"line":9,"column":6},"end":{"line":12,"column":1}}],"line":2},"2":{"loc":{"start":{"line":3,"column":4},"end":{"line":3,"column":33}},"type":"if","locations":[{"start":{"line":3,"column":4},"end":{"line":3,"column":33}},{"start":{"line":3,"column":4},"end":{"line":3,"column":33}}],"line":3},"3":{"loc":{"start":{"line":5,"column":4},"end":{"line":7,"column":5}},"type":"if","locations":[{"start":{"line":5,"column":4},"end":{"line":7,"column":5}},{"start":{"line":5,"column":4},"end":{"line":7,"column":5}}],"line":5},"4":{"loc":{"start":{"line":5,"column":8},"end":{"line":5,"column":85}},"type":"binary-expr","locations":[{"start":{"line":5,"column":8},"end":{"line":5,"column":13}},{"start":{"line":5,"column":18},"end":{"line":5,"column":84}}],"line":5},"5":{"loc":{"start":{"line":5,"column":18},"end":{"line":5,"column":84}},"type":"cond-expr","locations":[{"start":{"line":5,"column":34},"end":{"line":5,"column":47}},{"start":{"line":5,"column":50},"end":{"line":5,"column":84}}],"line":5},"6":{"loc":{"start":{"line":5,"column":50},"end":{"line":5,"column":84}},"type":"binary-expr","locations":[{"start":{"line":5,"column":50},"end":{"line":5,"column":63}},{"start":{"line":5,"column":67},"end":{"line":5,"column":84}}],"line":5},"7":{"loc":{"start":{"line":10,"column":4},"end":{"line":10,"column":33}},"type":"if","locations":[{"start":{"line":10,"column":4},"end":{"line":10,"column":33}},{"start":{"line":10,"column":4},"end":{"line":10,"column":33}}],"line":10},"8":{"loc":{"start":{"line":13,"column":25},"end":{"line":17,"column":2}},"type":"binary-expr","locations":[{"start":{"line":13,"column":26},"end":{"line":13,"column":30}},{"start":{"line":13,"column":34},"end":{"line":13,"column":57}},{"start":{"line":13,"column":63},"end":{"line":17,"column":1}}],"line":13},"9":{"loc":{"start":{"line":13,"column":63},"end":{"line":17,"column":1}},"type":"cond-expr","locations":[{"start":{"line":13,"column":80},"end":{"line":15,"column":1}},{"start":{"line":15,"column":5},"end":{"line":17,"column":1}}],"line":13},"10":{"loc":{"start":{"line":18,"column":19},"end":{"line":24,"column":1}},"type":"binary-expr","locations":[{"start":{"line":18,"column":20},"end":{"line":18,"column":24}},{"start":{"line":18,"column":28},"end":{"line":18,"column":45}},{"start":{"line":18,"column":50},"end":{"line":24,"column":1}}],"line":18},"11":{"loc":{"start":{"line":19,"column":4},"end":{"line":19,"column":42}},"type":"if","locations":[{"start":{"line":19,"column":4},"end":{"line":19,"column":42}},{"start":{"line":19,"column":4},"end":{"line":19,"column":42}}],"line":19},"12":{"loc":{"start":{"line":19,"column":8},"end":{"line":19,"column":29}},"type":"binary-expr","locations":[{"start":{"line":19,"column":8},"end":{"line":19,"column":11}},{"start":{"line":19,"column":15},"end":{"line":19,"column":29}}],"line":19},"13":{"loc":{"start":{"line":21,"column":4},"end":{"line":21,"column":141}},"type":"if","locations":[{"start":{"line":21,"column":4},"end":{"line":21,"column":141}},{"start":{"line":21,"column":4},"end":{"line":21,"column":141}}],"line":21},"14":{"loc":{"start":{"line":21,"column":40},"end":{"line":21,"column":141}},"type":"if","locations":[{"start":{"line":21,"column":40},"end":{"line":21,"column":141}},{"start":{"line":21,"column":40},"end":{"line":21,"column":141}}],"line":21},"15":{"loc":{"start":{"line":21,"column":44},"end":{"line":21,"column":107}},"type":"binary-expr","locations":[{"start":{"line":21,"column":44},"end":{"line":21,"column":59}},{"start":{"line":21,"column":63},"end":{"line":21,"column":107}}],"line":21},"16":{"loc":{"start":{"line":25,"column":16},"end":{"line":33,"column":1}},"type":"binary-expr","locations":[{"start":{"line":25,"column":17},"end":{"line":25,"column":21}},{"start":{"line":25,"column":25},"end":{"line":25,"column":39}},{"start":{"line":25,"column":44},"end":{"line":33,"column":1}}],"line":25},"17":{"loc":{"start":{"line":26,"column":35},"end":{"line":26,"column":109}},"type":"cond-expr","locations":[{"start":{"line":26,"column":56},"end":{"line":26,"column":61}},{"start":{"line":26,"column":64},"end":{"line":26,"column":109}}],"line":26},"18":{"loc":{"start":{"line":27,"column":16},"end":{"line":27,"column":34}},"type":"binary-expr","locations":[{"start":{"line":27,"column":16},"end":{"line":27,"column":17}},{"start":{"line":27,"column":22},"end":{"line":27,"column":33}}],"line":27},"19":{"loc":{"start":{"line":30,"column":32},"end":{"line":30,"column":115}},"type":"cond-expr","locations":[{"start":{"line":30,"column":46},"end":{"line":30,"column":67}},{"start":{"line":30,"column":70},"end":{"line":30,"column":115}}],"line":30},"20":{"loc":{"start":{"line":31,"column":51},"end":{"line":31,"column":67}},"type":"binary-expr","locations":[{"start":{"line":31,"column":51},"end":{"line":31,"column":61}},{"start":{"line":31,"column":65},"end":{"line":31,"column":67}}],"line":31},"21":{"loc":{"start":{"line":34,"column":22},"end":{"line":36,"column":1}},"type":"binary-expr","locations":[{"start":{"line":34,"column":23},"end":{"line":34,"column":27}},{"start":{"line":34,"column":31},"end":{"line":34,"column":51}},{"start":{"line":34,"column":56},"end":{"line":36,"column":1}}],"line":34},"22":{"loc":{"start":{"line":35,"column":11},"end":{"line":35,"column":61}},"type":"cond-expr","locations":[{"start":{"line":35,"column":37},"end":{"line":35,"column":40}},{"start":{"line":35,"column":43},"end":{"line":35,"column":61}}],"line":35},"23":{"loc":{"start":{"line":35,"column":12},"end":{"line":35,"column":33}},"type":"binary-expr","locations":[{"start":{"line":35,"column":12},"end":{"line":35,"column":15}},{"start":{"line":35,"column":19},"end":{"line":35,"column":33}}],"line":35},"24":{"loc":{"start":{"line":50,"column":3},"end":{"line":50,"column":22}},"type":"binary-expr","locations":[{"start":{"line":50,"column":3},"end":{"line":50,"column":7}},{"start":{"line":50,"column":12},"end":{"line":50,"column":21}}],"line":50},"25":{"loc":{"start":{"line":92,"column":8},"end":{"line":94,"column":9}},"type":"if","locations":[{"start":{"line":92,"column":8},"end":{"line":94,"column":9}},{"start":{"line":92,"column":8},"end":{"line":94,"column":9}}],"line":92},"26":{"loc":{"start":{"line":103,"column":8},"end":{"line":105,"column":9}},"type":"if","locations":[{"start":{"line":103,"column":8},"end":{"line":105,"column":9}},{"start":{"line":103,"column":8},"end":{"line":105,"column":9}}],"line":103}},"s":{"0":1,"1":37,"2":37,"3":37,"4":37,"5":37,"6":1,"7":37,"8":0,"9":0,"10":0,"11":1,"12":2,"13":0,"14":1,"15":2,"16":0,"17":2,"18":2,"19":2,"20":37,"21":37,"22":2,"23":2,"24":1,"25":0,"26":0,"27":4,"28":0,"29":0,"30":0,"31":0,"32":0,"33":0,"34":4,"35":4,"36":1,"37":2,"38":1,"39":1,"40":1,"41":1,"42":1,"43":1,"44":1,"45":1,"46":1,"47":1,"48":1,"49":1,"50":1,"51":1,"52":1,"53":2,"54":2,"55":0,"56":2,"57":2,"58":2,"59":2,"60":1,"61":2,"62":2,"63":0,"64":2,"65":1,"66":1,"67":1,"68":2,"69":2,"70":2,"71":2,"72":2,"73":1,"74":1,"75":1,"76":1},"f":{"0":37,"1":1,"2":0,"3":2,"4":0,"5":2,"6":4,"7":0,"8":0,"9":4,"10":0,"11":0,"12":4,"13":2,"14":1,"15":2,"16":2,"17":2,"18":2,"19":2},"b":{"0":[1,1,1],"1":[1,0],"2":[37,0],"3":[37,0],"4":[37,37],"5":[0,37],"6":[37,0],"7":[0,0],"8":[1,1,1],"9":[1,0],"10":[1,1,1],"11":[0,2],"12":[2,2],"13":[2,0],"14":[37,0],"15":[37,37],"16":[1,1,1],"17":[0,0],"18":[4,4],"19":[4,0],"20":[4,4],"21":[1,1,1],"22":[0,2],"23":[2,2],"24":[1,1],"25":[0,2],"26":[0,2]},"inputSourceMap":{"version":3,"file":"/Users/mujtabahassan/Desktop/Social-Media-project/src/models/user.ts","sources":["/Users/mujtabahassan/Desktop/Social-Media-project/src/models/user.ts"],"names":[],"mappings":";;;;;;;;;;;;;;;;;;;;;;;;;;;;;;;;;;;;;;AAAA,uCAA+C;AAC/C,oDAA2B;AAC3B,gEAA8B;AAC9B,+CAAgC;AAChC,iDAAkC;AAElC,MAAM,CAAC,MAAM,EAAE,CAAA;AACf,IAAK,IAIJ;AAJD,WAAK,IAAI;IACP,+BAAuB,CAAA;IACvB,yBAAiB,CAAA;IACjB,2BAAmB,CAAA;AACrB,CAAC,EAJI,IAAI,KAAJ,IAAI,QAIR;AA+FqB,oBAAI;AAjF1B,MAAM,UAAU,GAAG,IAAI,iBAAM,CAAQ;IACnC,IAAI,EAAE;QACJ,IAAI,EAAE,MAAM;QACZ,QAAQ,EAAE,IAAI;KACf;IACD,KAAK,EAAE;QACL,IAAI,EAAE,MAAM;QACZ,QAAQ,EAAE,IAAI;QACd,IAAI,EAAE,IAAI;QACV,SAAS,EAAE,IAAI;KAChB;IACD,QAAQ,EAAE;QACR,IAAI,EAAE,MAAM;QACZ,IAAI,EAAE,IAAI;QACV,QAAQ,EAAE,IAAI;KACf;IACD,SAAS,EAAE,CAAC;YACV,IAAI,EAAE,gBAAK,CAAC,QAAQ;YACpB,OAAO,EAAE,EAAE;SACZ,CAAC;IACF,SAAS,EAAE,CAAC;YACV,IAAI,EAAE,gBAAK,CAAC,QAAQ;YACpB,OAAO,EAAE,EAAE;SACZ,CAAC;IACF,QAAQ,EAAE;QACR,IAAI,EAAE,MAAM;QACZ,IAAI,EAAE,IAAI;QACV,OAAO,EAAE,IAAI,CAAC,MAAM;KACrB;IACD,MAAM,EAAE,CAAC;YACP,KAAK,EAAE;gBACL,IAAI,EAAE,MAAM;gBACZ,QAAQ,EAAE,IAAI;aACf;SACF,CAAC;CACH,EAAE;IACD,UAAU,EAAE,IAAI;CACjB,CAAC,CAAA;AAEF,UAAU,CAAC,OAAO,CAAC,gBAAgB,GAAG;;QACpC,IAAI,CAAC,OAAO,CAAC,GAAG,CAAC,UAAU,EAAE;YAC3B,MAAM,IAAI,CAAC,UAAU,CAAC,oBAAoB,CAAC,CAAA;SAC5C;QACD,MAAM,KAAK,GAAG,sBAAG,CAAC,IAAI,CAAC,EAAE,GAAG,EAAE,CAAC,IAAI,CAAC,GAAG,CAAC,CAAC,QAAQ,EAAE,EAAE,EAAE,OAAO,CAAC,GAAG,CAAC,UAAU,CAAC,CAAA;QAC9E,IAAI,CAAC,MAAM,CAAC,OAAO,CAAC,EAAE,KAAK,EAAE,CAAC,CAAA;QAC9B,IAAI,CAAC,IAAI,EAAE,CAAA;QACX,OAAO,KAAK,CAAA;IACd,CAAC;CAAA,CAAA;AAED,UAAU,CAAC,GAAG,CAAC,MAAM,EAAE,UAAe,IAAI;;QACxC,IAAI,IAAI,CAAC,UAAU,CAAC,UAAU,CAAC,EAAE;YAC/B,IAAI,CAAC,QAAQ,GAAG,MAAM,gBAAM,CAAC,IAAI,CAAC,IAAI,CAAC,QAAQ,EAAE,CAAC,CAAC,CAAA;SACpD;QACD,IAAI,EAAE,CAAA;IACR,CAAC;CAAA,CAAC,CAAA;AACF,UAAU,CAAC,OAAO,CAAC,MAAM,EAAE;IACzB,GAAG,EAAE,MAAM;IACX,UAAU,EAAE,KAAK;IACjB,YAAY,EAAE,UAAU;CACzB,CAAC,CAAA;AAEF,UAAU,CAAC,OAAO,CAAC,MAAM,EAAE;IACzB,GAAG,EAAE,MAAM;IACX,UAAU,EAAE,KAAK;IACjB,YAAY,EAAE,UAAU;CACzB,CAAC,CAAA;AAEF,UAAU,CAAC,OAAO,CAAC,MAAM,GAAG;IAC1B,MAAM,OAAO,GAAG,IAAI,CAAC,QAAQ,EAAE,CAAA;IAC/B,OAAO,OAAO,CAAC,QAAQ,CAAA;IACvB,OAAO,OAAO,CAAC,EAAE,CAAA;IACjB,OAAO,OAAO,CAAC,MAAM,CAAA;IACrB,sBAAsB;IACtB,OAAO,OAAO,CAAA;AAChB,CAAC,CAAA;AAED,UAAU,CAAC,GAAG,CAAC,UAAU,EAAE,EAAE,QAAQ,EAAE,IAAI,EAAE,CAAC,CAAA;AAC9C,UAAU,CAAC,GAAG,CAAC,QAAQ,EAAE,EAAE,QAAQ,EAAE,IAAI,EAAE,CAAC,CAAA;AAE5C,MAAM,IAAI,GAAG,IAAA,gBAAK,EAAC,MAAM,EAAE,UAAU,CAAC,CAAA;AAE7B,oBAAI","sourcesContent":["import { model, Schema, Types } from 'mongoose'\nimport bcrypt from 'bcrypt'\nimport jwt from 'jsonwebtoken'\nimport * as dotenv from 'dotenv'\nimport * as boom from '@hapi/boom'\n\ndotenv.config()\nenum role{\n  MODERATOR = 'Moderator',\n  MEMBER = 'Member',\n  PREMIUM = 'Premium'\n}\n\ninterface IUser {\n  _id?: Types.ObjectId;\n  name: string;\n  email: string;\n  password: string;\n  following?: Types.ObjectId[];\n  followers?: Types.ObjectId[];\n  userRole: string;\n  tokens?: string;\n  generateWebToken?: any;\n}\n\nconst userSchema = new Schema<IUser>({\n  name: {\n    type: String,\n    required: true\n  },\n  email: {\n    type: String,\n    required: true,\n    trim: true,\n    lowercase: true\n  },\n  password: {\n    type: String,\n    trim: true,\n    required: true\n  },\n  following: [{\n    type: Types.ObjectId,\n    default: []\n  }],\n  followers: [{\n    type: Types.ObjectId,\n    default: []\n  }],\n  userRole: {\n    type: String,\n    enum: role,\n    default: role.MEMBER\n  },\n  tokens: [{\n    token: {\n      type: String,\n      required: true\n    }\n  }]\n}, {\n  timestamps: true\n})\n\nuserSchema.methods.generateWebToken = async function() {\n  if (!process.env.JWT_SECRET) {\n    throw boom.badRequest('JWT_SECRET missing')\n  }\n  const token = jwt.sign({ _id: (this._id).toString() }, process.env.JWT_SECRET)\n  this.tokens.unshift({ token })\n  this.save()\n  return token\n}\n\nuserSchema.pre('save', async function(next) {\n  if (this.isMo
[...]
names":[],"mappings":";;;;;;;;;;;;;;;;;;;;;;;;;;;;;AAAA,qDAAiD;AACjD,kFAAwD;AAWxD,MAAM,aAAa,GAA+B,IAAI,kBAAQ,CAAC,MAAM,CAAC;IACpE,IAAI,EAAE;QACJ,IAAI,EAAE,MAAM;QACZ,QAAQ,EAAE,IAAI;KACf;IACD,KAAK,EAAE,CAAC;YACN,IAAI,EAAE,kBAAQ,CAAC,KAAK,CAAC,QAAQ;YAC7B,GAAG,EAAE,MAAM;SACZ,CAAC;IACF,GAAG,EAAE,CAAC;YACJ,IAAI,EAAE,kBAAQ,CAAC,KAAK,CAAC,QAAQ;YAC7B,GAAG,EAAE,MAAM;SACZ,CAAC;IACF,QAAQ,EAAE;QACR,IAAI,EAAE,kBAAQ,CAAC,KAAK,CAAC,QAAQ;QAC7B,QAAQ,EAAE,IAAI;QACd,GAAG,EAAE,MAAM;KACZ;IACD,OAAO,EAAE,CAAC;YACR,IAAI,EAAE,kBAAQ,CAAC,KAAK,CAAC,QAAQ;YAC7B,GAAG,EAAE,SAAS;YACd,YAAY,EAAE,IAAI;SACnB,CAAC;CACH,CAAC,CAAA;AAOO,sCAAa;AANtB,oGAAoG;AAEpG,aAAa,CAAC,MAAM,CAAC,+BAAoB,CAAC,CAAA;AAE1C,MAAM,OAAO,GAAG,IAAA,gBAAK,EAAC,SAAS,EAAE,aAAa,CAAC,CAAA;AAEZ,0BAAO","sourcesContent":["import mongoose, { model, Types } from 'mongoose'\nimport mongooseAutoPopulate from 'mongoose-autopopulate'\n\ninterface IComments {\n  _id?: Types.ObjectId,\n  text: string,\n  likes?: Types.ObjectId[],\n  tag?: Types.ObjectId[],\n  postedBy?: Types.ObjectId,\n  replies?: Types.ObjectId[]\n}\n\nconst commentSchema: mongoose.Schema<IComments> = new mongoose.Schema({\n  text: {\n    type: String,\n    required: true\n  },\n  likes: [{\n    type: mongoose.Types.ObjectId,\n    ref: 'user'\n  }],\n  tag: [{\n    type: mongoose.Types.ObjectId,\n    ref: 'user'\n  }],\n  postedBy: {\n    type: mongoose.Types.ObjectId,\n    required: true,\n    ref: 'user'\n  },\n  replies: [{\n    type: mongoose.Types.ObjectId,\n    ref: 'comment',\n    autopopulate: true\n  }]\n})\n// subTitles: [{ type: Schema.ObjectId, ref: 'workstructureSchema (dont know how you called it)' }],\n\ncommentSchema.plugin(mongooseAutoPopulate)\n\nconst Comment = model('comment', commentSchema)\n\nexport { commentSchema, IComments, Comment }\n"]},"_coverageSchema":"1a1c01bbd47fc00a2c39e90264f33305004495a9","hash":"44c9e863874449cc02bdae656b611dd375363db6","contentHash":"76f58e4179ead2f024345e9903013873c20490907274740ec9bda24d319e071a"},"/Users/mujtabahassan/Desktop/Social-Media-project/src/models/post.ts":{"path":"/Users/mujtabahassan/Desktop/Social-Media-project/src/models/post.ts","statementMap":{"0":{"start":{"line":2,"column":22},"end":{"line":12,"column":3}},"1":{"start":{"line":3,"column":4},"end":{"line":3,"column":33}},"2":{"start":{"line":3,"column":26},"end":{"line":3,"column":33}},"3":{"start":{"line":4,"column":15},"end":{"line":4,"column":52}},"4":{"start":{"line":5,"column":4},"end":{"line":7,"column":5}},"5":{"start":{"line":6,"column":6},"end":{"line":6,"column":68}},"6":{"start":{"line":6,"column":51},"end":{"line":6,"column":63}},"7":{"start":{"line":8,"column":4},"end":{"line":8,"column":39}},"8":{"start":{"line":10,"column":4},"end":{"line":10,"column":33}},"9":{"start":{"line":10,"column":26},"end":{"line":10,"column":33}},"10":{"start":{"line":11,"column":4},"end":{"line":11,"column":17}},"11":{"start":{"line":13,"column":25},"end":{"line":17,"column":2}},"12":{"start":{"line":14,"column":4},"end":{"line":14,"column":72}},"13":{"start":{"line":16,"column":4},"end":{"line":16,"column":21}},"14":{"start":{"line":18,"column":19},"end":{"line":24,"column":1}},"15":{"start":{"line":19,"column":4},"end":{"line":19,"column":42}},"16":{"start":{"line":19,"column":31},"end":{"line":19,"column":42}},"17":{"start":{"line":20,"column":17},"end":{"line":20,"column":19}},"18":{"start":{"line":21,"column":4},"end":{"line":21,"column":141}},"19":{"start":{"line":21,"column":21},"end":{"line":21,"column":141}},"20":{"start":{"line":21,"column":40},"end":{"line":21,"column":141}},"21":{"start":{"line":21,"column":109},"end":{"line":21,"column":141}},"22":{"start":{"line":22,"column":4},"end":{"line":22,"column":36}},"23":{"start":{"line":23,"column":4},"end":{"line":23,"column":18}},"24":{"start":{"line":25,"column":22},"end":{"line":27,"column":1}},"25":{"start":{"line":26,"column":4},"end":{"line":26,"column":62}},"26":{"start":{"line":28,"column":0},"end":{"line":28,"column":62}},"27":{"start":{"line":29,"column":0},"end":{"line":29,"column":22}},"28":{"start":{"line":30,"column":19},"end":{"line":30,"column":52}},"29":{"start":{"line":31,"column":32},"end":{"line":31,"column":81}},"30":{"start":{"line":32,"column":19},"end":{"line":72,"column":2}},"31":{"start":{"line":73,"column":0},"end":{"line":73,"column":51}},"32":{"start":{"line":74,"column":13},"end":{"line":74,"column":54}},"33":{"start":{"line":75,"column":0},"end":{"line":75,"column":20}}},"fnMap":{"0":{"name":"(anonymous_0)","decl":{"start":{"line":2,"column":74},"end":{"line":2,"column":75}},"loc":{"start":{"line":2,"column":96},"end":{"line":9,"column":1}},"line":2},"1":{"name":"(anonymous_1)","decl":{"start":{"line":6,"column":38},"end":{"line":6,"column":39}},"loc":{"start":{"line":6,"column":49},"end":{"line":6,"column":65}},"line":6},"2":{"name":"(anonymous_2)","decl":{"start":{"line":9,"column":6},"end":{"line":9,"column":7}},"loc":{"start":{"line":9,"column":28},"end":{"line":12,"column":1}},"line":9},"3":{"name":"(anonymous_3)","decl":{"start":{"line":13,"column":80},"end":{"line":13,"column":81}},"loc":{"start":{"line":13,"column":95},"end":{"line":15,"column":1}},"line":13},"4":{"name":"(anonymous_4)","decl":{"start":{"line":15,"column":5},"end":{"line":15,"column":6}},"loc":{"start":{"line":15,"column":20},"end":{"line":17,"column":1}},"line":15},"5":{"name":"(anonymous_5)","decl":{"start":{"line":18,"column":50},"end":{"line":18,"column":51}},"loc":{"start":{"line":18,"column":65},"end":{"line":24,"column":1}},"line":18},"6":{"name":"(anonymous_6)","decl":{"start":{"line":25,"column":56},"end":{"line":25,"column":57}},"loc":{"start":{"line":25,"column":71},"end":{"line":27,"column":1}},"line":25}},"branchMap":{"0":{"loc":{"start":{"line":2,"column":22},"end":{"line":12,"column":3}},"type":"binary-expr","locations":[{"start":{"line":2,"column":23},"end":{"line":2,"column":27}},{"start":{"line":2,"column":31},"end":{"line":2,"column":51}},{"start":{"line":2,"column":57},"end":{"line":12,"column":2}}],"line":2},"1":{"loc":{"start":{"line":2,"column":57},"end":{"line":12,"column":2}},"type":"cond-expr","locations":[{"start":{"line":2,"column":74},"end":{"line":9,"column":1}},{"start":{"line":9,"column":6},"end":{"line":12,"column":1}}],"line":2},"2":{"loc":{"start":{"line":3,"column":4},"end":{"line":3,"column":33}},"type":"if","locations":[{"start":{"line":3,"column":4},"end":{"line":3,"column":33}},{"start":{"line":3,"column":4},"end":{"line":3,"column":33}}],"line":3},"3":{"loc":{"start":{"line":5,"column":4},"end":{"line":7,"column":5}},"type":"if","locations":[{"start":{"line":5,"column":4},"end":{"line":7,"column":5}},{"start":{"line":5,"column":4},"end":{"line":7,"column":5}}],"line":5},"4":{"loc":{"start":{"line":5,"column":8},"end":{"line":5,"column":85}},"type":"binary-expr","locations":[{"start":{"line":5,"column":8},"end":{"line":5,"column":13}},{"start":{"line":5,"column":18},"end":{"line":5,"column":84}}],"line":5},"5":{"loc":{"start":{"line":5,"column":18},"end":{"line":5,"column":84}},"type":"cond-expr","locations":[{"start":{"line":5,"column":34},"end":{"line":5,"column":47}},{"start":{"line":5,"column":50},"end":{"line":5,"column":84}}],"line":5},"6":{"loc":{"start":{"line":5,"column":50},"end":{"line":5,"column":84}},"type":"binary-expr","locations":[{"start":{"line":5,"column":50},"end":{"line":5,"column":63}},{"start":{"line":5,"column":67},"end":{"line":5,"column":84}}],"line":5},"7":{"loc":{"start":{"line":10,"column":4},"end":{"line":10,"column":33}},"type":"if","locations":[{"start":{"line":10,"column":4},"end":{"line":10,"column":33}},{"start":{"line":10,"column":4},"end":{"line":10,"column":33}}],"line":10},"8":{"loc":{"start":{"line":13,"column":25},"end":{"line":17,"column":2}},"type":"binary-expr","locations":[{"start":{"line":13,"column":26},"end":{"line":13,"column":30}},{"start":{"line":13,"column":34},"end":{"line":13,"column":57}},{"start":{"line":13,"column":63},"end":{"line":17,"column":1}}],"line":13},"9":{"loc":{"start":{"line":13,"column":63},"end":{"line":17,"column":1}},"type":"cond-expr","locations":[{"start":{"line":13,"column":80},"end":{"line":15,"column":1}},{"start":{"line":15,"column":5},"end":{"line":17,"column":1}}],"line":13},"10":{"loc":{"start":{"line":18,"column":19},"end":{"line":24,"column":1}},"type":"binary-expr","locations":[{"start":{"line":18,"column":20},"end":{"line":18,"column":24}},{"start":{"line":18,"column":28},"end":{"line":18,"column":45}},{"start":{"line":18,"column":50},"end":{"line":24,"column":1}}],"line":18},"11":{"loc":{"start":{"line":19,"column":4},"end":{"line":19,"column":42}},"type":"if","locations":[{"start":{"line":19,"column":4},"end":{"line":19,"column":42}},{"start":{"line":19,"column":4},"end":{"line":19,"column":42}}],"line":19},"12":{"loc":{"start":{"line":19,"column":8},"end":{"line":19,"column":29}},"type":"binary-expr","locations":[{"start":{"line":19,"column":8},"end":{"line":19,"column":11}},{"start":{"line":19,"column":15},"end":{"line":19,"column":29}}],"line":19},"13":{"loc":{"start":{"line":21,"column":4},"end":{"line":21,"column":141}},"type":"if","locations":[{"start":{"line":21,"column":4},"end":{"line":21,"column":141}},{"start":{"line":21,"column":4},"end":{"line":21,"column":141}}],"line":21},"14":{"loc":{"start":{"line":21,"column":40},"end":{"line":21,"column":141}},"type":"if","locations":[{"start":{"line":21,"column":40},"end":{"line":21,"column":141}},{"start":{"line":21,"column":40},"end":{"line":21,"column":141}}],"line":21},"15":{"loc":{"start":{"line":21,"column":44},"end":{"line":21,"column":107}},"type":"binary-expr","locations":[{"start":{"line":21,"column":44},"end":{"line":21,"column":59}},{"start":{"line":21,"column":63},"end":{"line":21,"column":107}}],"line":21},"16":{"loc":{"start":{"line":25,"column":22},"end":{"line":27,"column":1}},"type":"binary-expr","locations":[{"start":{"line":25,"column":23},"end":{"line":25,"column":27}},{"start":{"line":25,"column":31},"end":{"line":25,"column":51}},{"start":{"line":25,"column":56},"end":{"line":27,"column":1}}],"line":25},"17":{"loc":{"start":{"line":26,"column":11},"end":{"line":26,"column":61}},"type":"cond-expr","locations":[{"start":{"line":26,"column":37},"end":{"line":26,"column":40}},{"start":{"line":26,"column":43},"end":{"line":26,"column":61}}],"line":26},"18":{"loc":{"start":{"line":26,"column":12},"end":{"line":26,"column":33}},"type":"binary-expr","locations":[{"start":{"line":26,"column":12},"end":{"line":26,"column":15}},{"start":{"line":26,"column":19},"end":{"line":26,"column":33}}],"line":26}},"s":{"0":1,"1":10,"2":10,"3":10,"4":10,"5":9,"6":2,"7":10,"8":0,"9":0,"10":0,"11":1,"12":1,"13":0,"14":1,"15":1,"16":0,"17":1,"18":1,"19":1,"20":60,"21":10,"22":1,"23":1,"24":1,"25":1,"26":1,"27":1,"28":1,"29":1,"30":1,"31":1,"32":1,"33":1},"f":{"0":10,"1":2,"2":0,"3":1,"4":0,"5":1,"6":1},"b":{"0":[1,1,1],"1":[1,0],"2":[10,0],"3":[9,1],"4":[10,10],"5":[0,10],"6":[10,1],"7":[0,0],"8":[1,1,1],"9":[1,0],"10":[1,1,1],"11":[0,1],"12":[1,1],"13":[1,0],"14":[10,50],"15":[60,59],"16":[1,1,1],"17":[0,1],"18":[1,1]},"inputSourceMap":{"version":3,"file":"/Users/mujtabahassan/Desktop/Social-Media-project/src/models/post.ts","sources":["/Users/mujtabahassan/Desktop/Social-Media-project/src/models/post.ts"],"names":[],"mappings":";;;;;;;;;;;;;;;;;;;;;;;;;;;;;AAAA,qDAAyD;AACzD,kFAAwD;AAYxD,MAAM,UAAU,GAAkB,IAAI,iBAAM,CAAC;IAE3C,WAAW,EAAE;QACX,IAAI,EAAE,MAAM;QACZ,QAAQ,EAAE,IAAI;KACf;IACD,KAAK,EAAE,CAAC;YACN,IAAI,EAAE,kBAAQ,CAAC,KAAK,CAAC,QAAQ;YAC7B,QAAQ,EAAE,IAAI;YACd,GAAG,EAAE,MAAM;SACZ,CAAC;IACF,QAAQ,EAAE;QACR,IAAI,EAAE,kBAAQ,CAAC,KAAK,CAAC,QAAQ;QAC7B,QAAQ,EAAE,IAAI;QACd,GAAG,EAAE,MAAM;KACZ;IACD,QAAQ,EAAE,CAAC;YACT,GAAG,EAAE,KAAK;YACV,QAAQ,EAAE;gBACR,IAAI,EAAE,IAAI;gBACV,OAAO,EAAE,IAAI,IAAI,EAAE;aACpB;YACD,IAAI,EAAE;gBACJ,IAAI,EAAE,kBAAQ,CAAC,KAAK,CAAC,QAAQ;gBAC7B,QAAQ,EAAE,IAAI;gBACd,GAAG,EAAE,MAAM;aACZ;SACF,CAAC;IACF,QAAQ,EAAE,CAAC;YACT,IAAI,EAAE,kBAAQ,CAAC,KAAK,CAAC,QAAQ;YAC7B,QAAQ,EAAE,IAAI;YACd,GAAG,EAAE,SAAS;YACd,YAAY,EAAE,IAAI;SACnB,CAAC;IACF,MAAM,EAAE;QACN,IAAI,EAAE,kBAAQ,CAAC,KAAK,CAAC,QAAQ;QAC7B,OAAO,EAAE,IAAI;QACb,GAAG,EAAE,MAAM;KACZ;CACF,EAAE;IACD,UAAU,EAAE,IAAI;CACjB,CAAC,CAAA;AAEF,UAAU,CAAC,MAAM,CAAC,+BAAoB,CAAC,CAAA;AAEvC,MAAM,IAAI,GAAG,IAAA,gBAAK,EAAC,MAAM,EAAE,UAAU,CAAC,CAAA;AAE7B,oBAAI","sourcesContent":["import mongoose, { Schema, model, Types } from 'mongoose'\nimport mongooseAutoPopulate from 'mongoose-autopopulate'\n\ninterface IPost {\n  _id?: Types.ObjectId;\n  description: string;\n  likes: Types.ObjectId[];\n  postedBy?: Types.ObjectId;\n  sharedBy: Array<{user: Types.ObjectId, sharedAt?: Date}>;\n  parent?: Types.ObjectId;\n  comments?: Types.ObjectId[]\n}\n\nconst postSchema: Schema<IPost> = new Schema({\n\n  description: {\n    type: String,\n    required: true\n  },\n  likes: [{\n    type: mongoose.Types.ObjectId,\n    required: true,\n    ref: 'user'\n  }],\n  postedBy: {\n    type: mongoose.Types.ObjectId,\n    required: true,\n    ref: 'user'\n  },\n  sharedBy: [{\n    _id: false,\n    sharedAt: {\n      type: Date,\n      default: new Date()\n    },\n    user: {\n      type: mongoose.Types.ObjectId,\n      required: true,\n      ref: 'user'\n    }\n  }],\n  comments: [{\n    type: mongoose.Types.ObjectId,\n    required: true,\n    ref: 'comment',\n    autopopulate: true\n  }],\n  parent: {\n    type: mongoose.Types.ObjectId,\n    default: null,\n    ref: 'post'\n  }\n}, {\n  timestamps: true\n})\n\npostSchema.plugin(mongooseAutoPopulate)\n\nconst Post = model('post', postSchema)\n\nexport { Post, IPost }\n"]},"_coverageSchema":"1a1c01bbd47fc00a2c39e90264f33305004495a9","hash":"ca00d09b16b9828647c2c930de178fa119f8c6db","contentHash":"ded17cc76c1d9bb6a5ab67015e146c3666ffba40d46bcb4696899d0ced53305c"},"/Users/mujtabahassan/Desktop/Social-Media-project/src/validations/postValidation.ts":{"path":"/Users/mujtabahassan/Desktop/Social-Media-project/src/validations/postValidation.ts","statementMap":{"0":{"start":{"line":2,"column":22},"end":{"line":4,"column":1}},"1":{"start":{"line":3,"column":4},"end":{"line":3,"column":62}},"2":{"start":{"line":5,"column":0},"end":{"line":5,"column":62}},"3":{"start":{"line":6,"column":0},"end":{"line":6,"column":37}},"4":{"start":{"line":7,"column":14},"end":{"line":7,"column":45}},"5":{"start":{"line":8,"column":19},"end":{"line":10,"column":2}},"6":{"start":{"line":11,"column":28},"end":{"line":16,"column":1}},"7":{"start":{"line":12,"column":22},"end":{"line":12,"column":51}},"8":{"start":{"line":13,"column":4},"end":{"line":14,"column":51}},"9":{"start":{"line":14,"column":8},"end":{"line":14,"column":51}},"10":{"start":{"line":15,"column":4},"end":{"line":15,"column":11}},"11":{"start":{"line":17,"column":0},"end":{"line":17,"column":50}}},"fnMap":{"0":{"name":"(anonymous_0)","decl":{"start":{"line":2,"column":56},"end":{"line":2,"column":57}},"loc":{"start":{"line":2,"column":71},"end":{"line":4,"column":1}},"line":2},"1":{"name":"(anonymous_1)","decl":{"start":{"line":11,"column":28},"end":{"line":11,"column":29}},"loc":{"start":{"line":11,"column":48},"end":{"line":16,"column":1}},"line":11}},"branchMap":{"0":{"loc":{"start":{"line":2,"column":22},"end":{"line":4,"column":1}},"type":"binary-expr","locations":[{"start":{"line":2,"column":23},"end":{"line":2,"column":27}},{"start":{"line":2,"column":31},"end":{"line":2,"column":51}},{"start":{"line":2,"column":56},"end":{"line":4,"column":1}}],"line":2},"1":{"loc":{"start":{"line":3,"column":11},"end":{"line":3,"column":61}},"type":"cond-expr","locations":[{"start":{"line":3,"column":37},"end":{"line":3,"column":40}},{"start":{"line":3,"column":43},"end":{"line":3,"column":61}}],"line":3},"2":{"loc":{"start":{"line":3,"column":12},"end":{"line":3,"column":33}},"type":"binary-expr","locations":[{"start":{"line":3,"column":12},"end":{"line":3,"column":15}},{"start":{"line":3,"column":19},"end":{"line":3,"column":33}}],"line":3},"3":{"loc":{"start":{"line":13,"column":4},"end":{"line":14,"column":51}},"type":"if","locations":[{"start":{"line":13,"column":4},"end":{"line":14,"column":51}},{"start":{"line":13,"column":4},"end":{"line":14,"column":51}}],"line":13}},"s":{"0":1,"1":1,"2":1,"3":1,"4":1,"5":1,"6":1,"7":0,"8":0,"9":0,"10":0,"11":1},"f":{"0":1,"1":0},"b":{"0":[1,1,1],"1":[0,1],"2":[1,1],"3":[0,0]},"inputSourceMap":{"version":3,"file":"/Users/mujtabahassan/Desktop/Social-Media-project/src/validations/postValidation.ts","sources":["/Users/mujtabahassan/Desktop/Social-Media-project/src/validations/postValidation.ts"],"names":[],"mappings":";;;;;;AAAA,8CAAqB;AAIrB,MAAM,UAAU,GAAG,aAAG,CAAC,MAAM,CAAQ;IACnC,WAAW,EAAE,aAAG,CAAC,MAAM,EAAE,CAAC,GAAG,CAAC,CAAC,CAAC,CAAC,QAAQ,EAAE;CAC5C,CAAC,CAAA;AAEF,MAAM,mBAAmB,GAAG,CAAC,GAAY,EAAE,GAAa,EAAE,IAAS,EAAE,EAAE;IACrE,MAAM,EAAE,KAAK,EAAE,GAAG,UAAU,CAAC,QAAQ,CAAC,GAAG,CAAC,IAAI,CAAC,CAAA;IAC/C,IAAI,KAAK;QAAE,OAAO,GAAG,CAAC,MAAM,CAAC,GAAG,CAAC,CAAC,IAAI,CAAC,KAAK,CAAC,OAAO,CAAC,CAAA;IACrD,IAAI,EAAE,CAAA;AACR,CAAC,CAAA;AAEQ,kDAAmB","sourcesContent":["import joi from 'joi'\nimport { Request, Response } from 'express'\nimport { IPost } from '../models/post'\n\nconst createPost = joi.object<IPost>({\n  description: joi.string().min(1).required()\n})\n\nconst createPostValidator = (req: Request, res: Response, next: any) => {\n  const { error } = createPost.validate(req.body)\n  if (error) return res.status(401).send(error.details)\n  next()\n}\n\nexport { createPostValidator }\n"]},"_coverageSchema":"1a1c01bbd47fc00a2c39e90264f33305004495a9","hash":"63d45df3466329c7969bfd963ef269879d744b47","contentHash":"61db3b5729fdf840205fd35dc426956250dcea4166ed37d132e175a95f457fdb"},"/Users/mujtabahassan/Desktop/Social-Media-project/src/middleware/error.middleware.ts":{"path":"/Users/mujtabahassan/Desktop/Social-Media-project/src/middleware/error.middleware.ts","statementMap":{"0":{"start":{"line":2,"column":0},"end":{"line":2,"column":62}},"1":{"start":{"line":3,"column":0},"end":{"line":6,"column":2}},"2":{"start":{"line":5,"column":4},"end":{"line":5,"column":123}}},"fnMap":{"0":{"name":"(anonymous_0)","decl":{"start":{"line":3,"column":18},"end":{"line":3,"column":19}},"loc":{"start":{"line":3,"column":43},"end":{"line":6,"column":1}},"line":3}},"branchMap":{"0":{"loc":{"start":{"line":5,"column":15},"end":{"line":5,"column":92}},"type":"binary-expr","locations":[{"start":{"line":5,"column":16},"end":{"line":5,"column":84}},{"start":{"line":5,"column":89},"end":{"line":5,"column":92}}],"line":5},"1":{"loc":{"start":{"line":5,"column":16},"end":{"line":5,"column":84}},"type":"cond-expr","locations":[{"start":{"line":5,"column":62},"end":{"line":5,"column":68}},{"start":{"line":5,"column":71},"end":{"line":5,"column":84}}],"line":5},"2":{"loc":{"start":{"line":5,"column":16},"end":{"line":5,"column":59}},"type":"binary-expr","locations":[{"start":{"line":5,"column":16},"end":{"line":5,"column":42}},{"start":{"line":5,"column":46},"end":{"line":5,"column":59}}],"line":5}},"s":{"0":1,"1":1,"2":1},"f":{"0":1},"b":{"0":[1,0],"1":[0,1],"2":[1,1]},"inputSourceMap":{"version":3,"file":"/Users/mujtabahassan/Desktop/Social-Media-project/src/middleware/error.middleware.ts","sources":["/Users/mujtabahassan/Desktop/Social-Media-project/src/middleware/error.middleware.ts"],"names":[],"mappings":";;AAKA,kBAAe,CAAC,GAAc,EAAE,GAA4B,EAAE,GAAa,EAAE,IAAkB,EAAQ,EAAE;;IACvG,GAAG,CAAC,MAAM,CAAC,CAAA,MAAA,GAAG,CAAC,MAAM,0CAAE,UAAU,KAAI,GAAG,CAAC,CAAC,IAAI,CAAC,EAAE,KAAK,EAAE,GAAG,CAAC,OAAO,EAAE,CAAC,CAAA;AACxE,CAAC,CAAA","sourcesContent":["\nimport { NextFunction, Response } from 'express'\nimport { IGetUserAuthInfoRequest } from '../types/types'\nimport boom from '@hapi/boom'\n\nexport default (err: boom.Boom, req: IGetUserAuthInfoRequest, res: Response, next: NextFunction): void => {\n  res.status(err.output?.statusCode || 400).send({ Error: err.message })\n}\n"]},"_coverageSchema":"1a1c01bbd47fc00a2c39e90264f33305004495a9","hash":"3f55ffad79aada80a56fcca79d4d91ead59bd340","contentHash":"4e4401743063ed118c8713df19be0f764c4702d126dfd92da7b13d441436e268"}}