{"total": {"lines":{"total":364,"covered":208,"skipped":0,"pct":57.14},"statements":{"total":450,"covered":247,"skipped":0,"pct":54.88},"functions":{"total":94,"covered":14,"skipped":0,"pct":14.89},"branches":{"total":119,"covered":19,"skipped":0,"pct":15.96},"branchesTrue":{"total":0,"covered":0,"skipped":0,"pct":100}}
,"/Users/mujtabahassan/Desktop/Social-Media-project/src/app.ts": {"lines":{"total":43,"covered":33,"skipped":0,"pct":76.74},"functions":{"total":4,"covered":1,"skipped":0,"pct":25},"statements":{"total":43,"covered":33,"skipped":0,"pct":76.74},"branches":{"total":5,"covered":1,"skipped":0,"pct":20}}
,"/Users/mujtabahassan/Desktop/Social-Media-project/src/controllers/post.ts": {"lines":{"total":33,"covered":12,"skipped":0,"pct":36.36},"functions":{"total":20,"covered":0,"skipped":0,"pct":0},"statements":{"total":52,"covered":21,"skipped":0,"pct":40.38},"branches":{"total":2,"covered":0,"skipped":0,"pct":0}}
,"/Users/mujtabahassan/Desktop/Social-Media-project/src/controllers/user.ts": {"lines":{"total":42,"covered":19,"skipped":0,"pct":45.23},"functions":{"total":20,"covered":2,"skipped":0,"pct":10},"statements":{"total":59,"covered":28,"skipped":0,"pct":47.45},"branches":{"total":0,"covered":0,"skipped":0,"pct":100}}
,"/Users/mujtabahassan/Desktop/Social-Media-project/src/helper/index.ts": {"lines":{"total":3,"covered":3,"skipped":0,"pct":100},"functions":{"total":2,"covered":2,"skipped":0,"pct":100},"statements":{"total":4,"covered":4,"skipped":0,"pct":100},"branches":{"total":0,"covered":0,"skipped":0,"pct":100}}
,"/Users/mujtabahassan/Desktop/Social-Media-project/src/lib/post.ts": {"lines":{"total":64,"covered":13,"skipped":0,"pct":20.31},"functions":{"total":21,"covered":0,"skipped":0,"pct":0},"statements":{"total":90,"covered":22,"skipped":0,"pct":24.44},"branches":{"total":56,"covered":0,"skipped":0,"pct":0}}
,"/Users/mujtabahassan/Desktop/Social-Media-project/src/lib/user.ts": {"lines":{"total":54,"covered":19,"skipped":0,"pct":35.18},"functions":{"total":18,"covered":2,"skipped":0,"pct":11.11},"statements":{"total":72,"covered":27,"skipped":0,"pct":37.5},"branches":{"total":26,"covered":3,"skipped":0,"pct":11.53}}
,"/Users/mujtabahassan/Desktop/Social-Media-project/src/middleware/auth.ts": {"lines":{"total":20,"covered":12,"skipped":0,"pct":60},"functions":{"total":1,"covered":1,"skipped":0,"pct":100},"statements":{"total":20,"covered":12,"skipped":0,"pct":60},"branches":{"total":12,"covered":5,"skipped":0,"pct":41.66}}
,"/Users/mujtabahassan/Desktop/Social-Media-project/src/middleware/error.middleware.ts": {"lines":{"total":2,"covered":2,"skipped":0,"pct":100},"functions":{"total":1,"covered":1,"skipped":0,"pct":100},"statements":{"total":2,"covered":2,"skipped":0,"pct":100},"branches":{"total":6,"covered":4,"skipped":0,"pct":66.66}}
,"/Users/mujtabahassan/Desktop/Social-Media-project/src/models/comments.ts": {"lines":{"total":6,"covered":6,"skipped":0,"pct":100},"functions":{"total":0,"covered":0,"skipped":0,"pct":100},"statements":{"total":7,"covered":7,"skipped":0,"pct":100},"branches":{"total":0,"covered":0,"skipped":0,"pct":100}}
,"/Users/mujtabahassan/Desktop/Social-Media-project/src/models/index.ts": {"lines":{"total":3,"covered":3,"skipped":0,"pct":100},"functions":{"total":0,"covered":0,"skipped":0,"pct":100},"statements":{"total":3,"covered":3,"skipped":0,"pct":100},"branches":{"total":0,"covered":0,"skipped":0,"pct":100}}
,"/Users/mujtabahassan/Desktop/Social-Media-project/src/models/post.ts": {"lines":{"total":6,"covered":6,"skipped":0,"pct":100},"functions":{"total":0,"covered":0,"skipped":0,"pct":100},"statements":{"total":6,"covered":6,"skipped":0,"pct":100},"branches":{"total":0,"covered":0,"skipped":0,"pct":100}}
,"/Users/mujtabahassan/Desktop/Social-Media-project/src/models/user.ts": {"lines":{"total":34,"covered":32,"skipped":0,"pct":94.11},"functions":{"total":4,"covered":4,"skipped":0,"pct":100},"statements":{"total":35,"covered":33,"skipped":0,"pct":94.28},"branches":{"total":6,"covered":4,"skipped":0,"pct":66.66}}
,"/Users/mujtabahassan/Desktop/Social-Media-project/src/routes/post.ts": {"lines":{"total":16,"covered":16,"skipped":0,"pct":100},"functions":{"total":0,"covered":0,"skipped":0,"pct":100},"statements":{"total":16,"covered":16,"skipped":0,"pct":100},"branches":{"total":0,"covered":0,"skipped":0,"pct":100}}
,"/Users/mujtabahassan/Desktop/Social-Media-project/src/routes/user.ts": {"lines":{"total":17,"covered":17,"skipped":0,"pct":100},"functions":{"total":0,"covered":0,"skipped":0,"pct":100},"statements":{"total":17,"covered":17,"skipped":0,"pct":100},"branches":{"total":0,"covered":0,"skipped":0,"pct":100}}
,"/Users/mujtabahassan/Desktop/Social-Media-project/src/validations/postValidation.ts": {"lines":{"total":7,"covered":4,"skipped":0,"pct":57.14},"functions":{"total":1,"covered":0,"skipped":0,"pct":0},"statements":{"total":8,"covered":4,"skipped":0,"pct":50},"branches":{"total":2,"covered":0,"skipped":0,"pct":0}}
,"/Users/mujtabahassan/Desktop/Social-Media-project/src/validations/userValidations.ts": {"lines":{"total":14,"covered":11,"skipped":0,"pct":78.57},"functions":{"total":2,"covered":1,"skipped":0,"pct":50},"statements":{"total":16,"covered":12,"skipped":0,"pct":75},"branches":{"total":4,"covered":2,"skipped":0,"pct":50}}
}
