TN:
SF:src/app.ts
FN:21,run
FN:26,(anonymous_16)
FN:35,(anonymous_17)
FN:57,(anonymous_18)
FNF:4
FNH:1
FNDA:1,run
FNDA:0,(anonymous_16)
FNDA:0,(anonymous_17)
FNDA:0,(anonymous_18)
DA:1,1
DA:2,1
DA:3,1
DA:4,1
DA:5,1
DA:6,1
DA:7,1
DA:8,1
DA:9,1
DA:10,1
DA:11,1
DA:13,1
DA:14,1
DA:16,1
DA:18,1
DA:19,1
DA:22,1
DA:23,1
DA:24,1
DA:25,1
DA:26,1
DA:27,0
DA:33,0
DA:35,0
DA:36,0
DA:38,0
DA:39,0
DA:41,0
DA:42,0
DA:44,0
DA:53,1
DA:54,1
DA:55,1
DA:56,1
DA:57,1
DA:58,0
DA:60,1
DA:61,1
DA:62,1
DA:63,1
DA:64,1
DA:65,1
DA:66,1
LF:43
LH:33
BRDA:36,0,0,0
BRDA:36,0,1,0
BRDA:36,0,2,0
BRDA:65,1,0,1
BRDA:65,1,1,0
BRF:5
BRH:1
end_of_record
TN:
SF:src/controllers/post.ts
FN:5,(anonymous_13)
FN:5,(anonymous_14)
FN:10,(anonymous_15)
FN:10,(anonymous_16)
FN:15,(anonymous_17)
FN:15,(anonymous_18)
FN:20,(anonymous_19)
FN:20,(anonymous_20)
FN:26,(anonymous_21)
FN:26,(anonymous_22)
FN:31,(anonymous_23)
FN:31,(anonymous_24)
FN:36,(anonymous_25)
FN:36,(anonymous_26)
FN:41,(anonymous_27)
FN:41,(anonymous_28)
FN:46,(anonymous_29)
FN:46,(anonymous_30)
FN:51,(anonymous_31)
FN:51,(anonymous_32)
FNF:20
FNH:0
FNDA:0,(anonymous_13)
FNDA:0,(anonymous_14)
FNDA:0,(anonymous_15)
FNDA:0,(anonymous_16)
FNDA:0,(anonymous_17)
FNDA:0,(anonymous_18)
FNDA:0,(anonymous_19)
FNDA:0,(anonymous_20)
FNDA:0,(anonymous_21)
FNDA:0,(anonymous_22)
FNDA:0,(anonymous_23)
FNDA:0,(anonymous_24)
FNDA:0,(anonymous_25)
FNDA:0,(anonymous_26)
FNDA:0,(anonymous_27)
FNDA:0,(anonymous_28)
FNDA:0,(anonymous_29)
FNDA:0,(anonymous_30)
FNDA:0,(anonymous_31)
FNDA:0,(anonymous_32)
DA:3,1
DA:5,1
DA:6,0
DA:7,0
DA:10,1
DA:11,0
DA:12,0
DA:15,1
DA:16,0
DA:17,0
DA:20,1
DA:21,0
DA:22,0
DA:23,0
DA:26,1
DA:27,0
DA:28,0
DA:31,1
DA:32,0
DA:33,0
DA:36,1
DA:37,0
DA:38,0
DA:41,1
DA:42,0
DA:43,0
DA:46,1
DA:47,0
DA:48,0
DA:51,1
DA:52,0
DA:53,0
DA:56,1
LF:33
LH:12
BRDA:21,0,0,0
BRDA:21,1,0,0
BRF:2
BRH:0
end_of_record
TN:
SF:src/controllers/user.ts
FN:12,(anonymous_14)
FN:12,(anonymous_15)
FN:17,(anonymous_16)
FN:17,(anonymous_17)
FN:24,(anonymous_18)
FN:24,(anonymous_19)
FN:30,(anonymous_20)
FN:30,(anonymous_21)
FN:36,(anonymous_22)
FN:36,(anonymous_23)
FN:42,(anonymous_24)
FN:42,(anonymous_25)
FN:48,(anonymous_26)
FN:48,(anonymous_27)
FN:54,(anonymous_28)
FN:58,(anonymous_29)
FN:63,(anonymous_30)
FN:63,(anonymous_31)
FN:68,(anonymous_32)
FN:68,(anonymous_33)
FNF:20
FNH:2
FNDA:0,(anonymous_14)
FNDA:0,(anonymous_15)
FNDA:3,(anonymous_16)
FNDA:3,(anonymous_17)
FNDA:0,(anonymous_18)
FNDA:0,(anonymous_19)
FNDA:0,(anonymous_20)
FNDA:0,(anonymous_21)
FNDA:0,(anonymous_22)
FNDA:0,(anonymous_23)
FNDA:0,(anonymous_24)
FNDA:0,(anonymous_25)
FNDA:0,(anonymous_26)
FNDA:0,(anonymous_27)
FNDA:0,(anonymous_28)
FNDA:0,(anonymous_29)
FNDA:0,(anonymous_30)
FNDA:0,(anonymous_31)
FNDA:0,(anonymous_32)
FNDA:0,(anonymous_33)
DA:2,1
DA:3,1
DA:5,1
DA:8,1
DA:10,1
DA:12,1
DA:13,0
DA:14,0
DA:17,3
DA:18,3
DA:19,2
DA:20,2
DA:21,2
DA:24,1
DA:25,0
DA:26,0
DA:27,0
DA:30,1
DA:31,0
DA:32,0
DA:33,0
DA:36,1
DA:37,0
DA:38,0
DA:39,0
DA:42,1
DA:43,0
DA:44,0
DA:45,0
DA:48,1
DA:49,0
DA:55,0
DA:56,0
DA:57,0
DA:59,0
DA:63,1
DA:64,0
DA:65,0
DA:68,1
DA:69,0
DA:70,0
DA:73,1
LF:42
LH:19
BRF:0
BRH:0
end_of_record
TN:
SF:src/helper/index.ts
FN:4,(anonymous_0)
FN:5,(anonymous_1)
FNF:2
FNH:2
FNDA:19,(anonymous_0)
FNDA:3,(anonymous_1)
DA:4,1
DA:5,19
DA:6,3
LF:3
LH:3
BRF:0
BRH:0
end_of_record
TN:
SF:src/lib/post.ts
FN:5,(anonymous_8)
FN:5,(anonymous_9)
FN:11,(anonymous_10)
FN:11,(anonymous_11)
FN:16,(anonymous_12)
FN:16,(anonymous_13)
FN:24,(anonymous_14)
FN:24,(anonymous_15)
FN:50,(anonymous_16)
FN:50,(anonymous_17)
FN:60,(anonymous_18)
FN:60,(anonymous_19)
FN:70,(anonymous_20)
FN:70,(anonymous_21)
FN:80,(anonymous_22)
FN:80,(anonymous_23)
FN:84,(anonymous_24)
FN:92,(anonymous_25)
FN:92,(anonymous_26)
FN:101,(anonymous_27)
FN:101,(anonymous_28)
FNF:21
FNH:0
FNDA:0,(anonymous_8)
FNDA:0,(anonymous_9)
FNDA:0,(anonymous_10)
FNDA:0,(anonymous_11)
FNDA:0,(anonymous_12)
FNDA:0,(anonymous_13)
FNDA:0,(anonymous_14)
FNDA:0,(anonymous_15)
FNDA:0,(anonymous_16)
FNDA:0,(anonymous_17)
FNDA:0,(anonymous_18)
FNDA:0,(anonymous_19)
FNDA:0,(anonymous_20)
FNDA:0,(anonymous_21)
FNDA:0,(anonymous_22)
FNDA:0,(anonymous_23)
FNDA:0,(anonymous_24)
FNDA:0,(anonymous_25)
FNDA:0,(anonymous_26)
FNDA:0,(anonymous_27)
FNDA:0,(anonymous_28)
DA:1,1
DA:3,1
DA:5,1
DA:6,0
DA:7,0
DA:8,0
DA:11,1
DA:12,0
DA:13,0
DA:16,1
DA:17,0
DA:18,0
DA:19,0
DA:20,0
DA:21,0
DA:24,1
DA:25,0
DA:26,0
DA:28,0
DA:47,0
DA:50,1
DA:51,0
DA:52,0
DA:53,0
DA:54,0
DA:56,0
DA:57,0
DA:60,1
DA:61,0
DA:62,0
DA:63,0
DA:64,0
DA:67,0
DA:68,0
DA:70,1
DA:71,0
DA:72,0
DA:73,0
DA:74,0
DA:75,0
DA:77,0
DA:80,1
DA:81,0
DA:82,0
DA:83,0
DA:84,0
DA:85,0
DA:87,0
DA:89,0
DA:92,1
DA:93,0
DA:94,0
DA:95,0
DA:96,0
DA:97,0
DA:98,0
DA:101,1
DA:102,0
DA:103,0
DA:104,0
DA:105,0
DA:106,0
DA:109,0
DA:112,1
LF:64
LH:13
BRDA:18,0,0,0
BRDA:18,0,1,0
BRDA:25,1,0,0
BRDA:25,1,1,0
BRDA:52,2,0,0
BRDA:52,2,1,0
BRDA:53,3,0,0
BRDA:53,3,1,0
BRDA:53,4,0,0
BRDA:53,4,1,0
BRDA:53,5,0,0
BRDA:53,5,1,0
BRDA:53,6,0,0
BRDA:53,6,1,0
BRDA:53,7,0,0
BRDA:53,7,1,0
BRDA:53,8,0,0
BRDA:53,8,1,0
BRDA:57,9,0,0
BRDA:57,9,1,0
BRDA:57,10,0,0
BRDA:57,10,1,0
BRDA:62,11,0,0
BRDA:62,11,1,0
BRDA:63,12,0,0
BRDA:63,12,1,0
BRDA:63,13,0,0
BRDA:63,13,1,0
BRDA:63,14,0,0
BRDA:63,14,1,0
BRDA:63,15,0,0
BRDA:63,15,1,0
BRDA:63,16,0,0
BRDA:63,16,1,0
BRDA:63,17,0,0
BRDA:63,17,1,0
BRDA:72,18,0,0
BRDA:72,18,1,0
BRDA:73,19,0,0
BRDA:73,19,1,0
BRDA:82,20,0,0
BRDA:82,20,1,0
BRDA:83,21,0,0
BRDA:83,21,1,0
BRDA:94,22,0,0
BRDA:94,22,1,0
BRDA:96,23,0,0
BRDA:96,23,1,0
BRDA:96,24,0,0
BRDA:96,24,1,0
BRDA:103,25,0,0
BRDA:103,25,1,0
BRDA:105,26,0,0
BRDA:105,26,1,0
BRDA:105,27,0,0
BRDA:105,27,1,0
BRF:56
BRH:0
end_of_record
TN:
SF:src/lib/user.ts
FN:5,(anonymous_14)
FN:5,(anonymous_15)
FN:15,(anonymous_16)
FN:15,(anonymous_17)
FN:28,(anonymous_18)
FN:28,(anonymous_19)
FN:29,(anonymous_20)
FN:35,(anonymous_21)
FN:39,(anonymous_22)
FN:39,(anonymous_23)
FN:52,(anonymous_24)
FN:52,(anonymous_25)
FN:57,(anonymous_26)
FN:60,(anonymous_27)
FN:69,(anonymous_28)
FN:69,(anonymous_29)
FN:74,(anonymous_30)
FN:74,(anonymous_31)
FNF:18
FNH:2
FNDA:0,(anonymous_14)
FNDA:0,(anonymous_15)
FNDA:3,(anonymous_16)
FNDA:3,(anonymous_17)
FNDA:0,(anonymous_18)
FNDA:0,(anonymous_19)
FNDA:0,(anonymous_20)
FNDA:0,(anonymous_21)
FNDA:0,(anonymous_22)
FNDA:0,(anonymous_23)
FNDA:0,(anonymous_24)
FNDA:0,(anonymous_25)
FNDA:0,(anonymous_26)
FNDA:0,(anonymous_27)
FNDA:0,(anonymous_28)
FNDA:0,(anonymous_29)
FNDA:0,(anonymous_30)
FNDA:0,(anonymous_31)
DA:1,1
DA:2,1
DA:3,1
DA:5,1
DA:6,0
DA:7,0
DA:8,0
DA:10,0
DA:11,0
DA:12,0
DA:15,3
DA:16,3
DA:17,3
DA:18,0
DA:20,3
DA:21,3
DA:22,1
DA:24,2
DA:25,2
DA:28,1
DA:29,0
DA:30,0
DA:32,0
DA:35,1
DA:36,0
DA:39,1
DA:40,0
DA:41,0
DA:42,0
DA:43,0
DA:44,0
DA:45,0
DA:46,0
DA:47,0
DA:49,0
DA:52,1
DA:53,0
DA:54,0
DA:55,0
DA:56,0
DA:57,0
DA:58,0
DA:60,0
DA:61,0
DA:63,0
DA:64,0
DA:66,0
DA:69,1
DA:70,0
DA:71,0
DA:74,1
DA:75,0
DA:76,0
DA:79,1
LF:54
LH:19
BRDA:7,0,0,0
BRDA:7,0,1,0
BRDA:17,1,0,0
BRDA:17,1,1,3
BRDA:21,2,0,1
BRDA:21,2,1,2
BRDA:41,3,0,0
BRDA:41,3,1,0
BRDA:42,4,0,0
BRDA:42,4,1,0
BRDA:43,5,0,0
BRDA:43,5,1,0
BRDA:44,6,0,0
BRDA:44,6,1,0
BRDA:44,7,0,0
BRDA:44,7,1,0
BRDA:54,8,0,0
BRDA:54,8,1,0
BRDA:55,9,0,0
BRDA:55,9,1,0
BRDA:56,10,0,0
BRDA:56,10,1,0
BRDA:60,11,0,0
BRDA:60,11,1,0
BRDA:60,12,0,0
BRDA:60,12,1,0
BRF:26
BRH:3
end_of_record
TN:
SF:src/middleware/auth.ts
FN:9,(anonymous_13)
FNF:1
FNH:1
FNDA:1,(anonymous_13)
DA:1,1
DA:4,1
DA:5,1
DA:6,1
DA:8,1
DA:9,1
DA:10,1
DA:11,1
DA:12,1
DA:13,0
DA:15,0
DA:16,0
DA:17,0
DA:18,0
DA:20,0
DA:21,0
DA:22,0
DA:25,1
DA:28,1
DA:32,1
LF:20
LH:12
BRDA:11,0,0,1
BRDA:11,0,1,0
BRDA:11,1,0,1
BRDA:11,1,1,1
BRDA:12,2,0,0
BRDA:12,2,1,1
BRDA:12,3,0,1
BRDA:12,3,1,0
BRDA:15,4,0,0
BRDA:15,4,1,0
BRDA:17,5,0,0
BRDA:17,5,1,0
BRF:12
BRH:5
end_of_record
TN:
SF:src/middleware/error.middleware.ts
FN:6,(anonymous_0)
FNF:1
FNH:1
FNDA:1,(anonymous_0)
DA:6,1
DA:7,1
LF:2
LH:2
BRDA:7,0,0,1
BRDA:7,0,1,0
BRDA:7,1,0,0
BRDA:7,1,1,1
BRDA:7,2,0,1
BRDA:7,2,1,1
BRF:6
BRH:4
end_of_record
TN:
SF:src/models/comments.ts
FNF:0
FNH:0
DA:1,1
DA:2,1
DA:13,1
DA:39,1
DA:41,1
DA:43,1
LF:6
LH:6
BRF:0
BRH:0
end_of_record
TN:
SF:src/models/index.ts
FNF:0
FNH:0
DA:1,1
DA:2,1
DA:3,1
LF:3
LH:3
BRF:0
BRH:0
end_of_record
TN:
SF:src/models/post.ts
FNF:0
FNH:0
DA:1,1
DA:2,1
DA:14,1
DA:57,1
DA:59,1
DA:61,1
LF:6
LH:6
BRF:0
BRH:0
end_of_record
TN:
SF:src/models/user.ts
FN:8,(anonymous_14)
FN:65,(anonymous_15)
FN:75,(anonymous_17)
FN:93,(anonymous_19)
FNF:4
FNH:4
FNDA:1,(anonymous_14)
FNDA:2,(anonymous_15)
FNDA:2,(anonymous_17)
FNDA:2,(anonymous_19)
DA:1,1
DA:2,1
DA:3,1
DA:4,1
DA:5,1
DA:7,1
DA:8,1
DA:9,1
DA:10,1
DA:11,1
DA:26,1
DA:65,1
DA:66,2
DA:67,0
DA:69,2
DA:70,2
DA:71,2
DA:72,2
DA:75,1
DA:76,2
DA:77,0
DA:79,2
DA:81,1
DA:87,1
DA:93,1
DA:94,2
DA:95,2
DA:96,2
DA:97,2
DA:99,2
DA:102,1
DA:103,1
DA:105,1
DA:107,1
LF:34
LH:32
BRDA:8,0,0,1
BRDA:8,0,1,1
BRDA:66,1,0,0
BRDA:66,1,1,2
BRDA:76,2,0,0
BRDA:76,2,1,2
BRF:6
BRH:4
end_of_record
TN:
SF:src/routes/post.ts
FNF:0
FNH:0
DA:1,1
DA:2,1
DA:6,1
DA:7,1
DA:9,1
DA:11,1
DA:13,1
DA:15,1
DA:17,1
DA:19,1
DA:21,1
DA:23,1
DA:25,1
DA:27,1
DA:29,1
DA:31,1
LF:16
LH:16
BRF:0
BRH:0
end_of_record
TN:
SF:src/routes/user.ts
FNF:0
FNH:0
DA:1,1
DA:2,1
DA:3,1
DA:4,1
DA:5,1
DA:6,1
DA:8,1
DA:10,1
DA:12,1
DA:14,1
DA:16,1
DA:18,1
DA:20,1
DA:22,1
DA:24,1
DA:26,1
DA:28,1
LF:17
LH:17
BRF:0
BRH:0
end_of_record
TN:
SF:src/validations/postValidation.ts
FN:9,(anonymous_1)
FNF:1
FNH:0
FNDA:0,(anonymous_1)
DA:1,1
DA:5,1
DA:9,1
DA:10,0
DA:11,0
DA:12,0
DA:15,1
LF:7
LH:4
BRDA:11,0,0,0
BRDA:11,0,1,0
BRF:2
BRH:0
end_of_record
TN:
SF:src/validations/userValidations.ts
FN:17,(anonymous_1)
FN:23,(anonymous_2)
FNF:2
FNH:1
FNDA:0,(anonymous_1)
FNDA:4,(anonymous_2)
DA:1,1
DA:3,1
DA:5,1
DA:12,1
DA:17,1
DA:18,0
DA:19,0
DA:20,0
DA:23,1
DA:24,4
DA:25,4
DA:26,3
DA:30,1
DA:31,1
LF:14
LH:11
BRDA:19,0,0,0
BRDA:19,0,1,0
BRDA:25,1,0,1
BRDA:25,1,1,3
BRF:4
BRH:2
end_of_record
